Started GET "/" for 127.0.0.1 at 2018-10-05 12:23:51 +0100
  
ActiveRecord::NoDatabaseError (FATAL:  database "sparta_rails_mini_project_development" does not exist
):
  
activerecord (5.2.1) lib/active_record/connection_adapters/postgresql_adapter.rb:688:in `rescue in connect'
activerecord (5.2.1) lib/active_record/connection_adapters/postgresql_adapter.rb:683:in `connect'
activerecord (5.2.1) lib/active_record/connection_adapters/postgresql_adapter.rb:215:in `initialize'
activerecord (5.2.1) lib/active_record/connection_adapters/postgresql_adapter.rb:40:in `new'
activerecord (5.2.1) lib/active_record/connection_adapters/postgresql_adapter.rb:40:in `postgresql_connection'
activerecord (5.2.1) lib/active_record/connection_adapters/abstract/connection_pool.rb:809:in `new_connection'
activerecord (5.2.1) lib/active_record/connection_adapters/abstract/connection_pool.rb:853:in `checkout_new_connection'
activerecord (5.2.1) lib/active_record/connection_adapters/abstract/connection_pool.rb:832:in `try_to_checkout_new_connection'
activerecord (5.2.1) lib/active_record/connection_adapters/abstract/connection_pool.rb:793:in `acquire_connection'
activerecord (5.2.1) lib/active_record/connection_adapters/abstract/connection_pool.rb:521:in `checkout'
activerecord (5.2.1) lib/active_record/connection_adapters/abstract/connection_pool.rb:380:in `connection'
activerecord (5.2.1) lib/active_record/connection_adapters/abstract/connection_pool.rb:1008:in `retrieve_connection'
activerecord (5.2.1) lib/active_record/connection_handling.rb:118:in `retrieve_connection'
activerecord (5.2.1) lib/active_record/connection_handling.rb:90:in `connection'
activerecord (5.2.1) lib/active_record/migration.rb:554:in `call'
actionpack (5.2.1) lib/action_dispatch/middleware/callbacks.rb:28:in `block in call'
activesupport (5.2.1) lib/active_support/callbacks.rb:98:in `run_callbacks'
actionpack (5.2.1) lib/action_dispatch/middleware/callbacks.rb:26:in `call'
actionpack (5.2.1) lib/action_dispatch/middleware/executor.rb:14:in `call'
actionpack (5.2.1) lib/action_dispatch/middleware/debug_exceptions.rb:61:in `call'
web-console (3.7.0) lib/web_console/middleware.rb:135:in `call_app'
web-console (3.7.0) lib/web_console/middleware.rb:30:in `block in call'
web-console (3.7.0) lib/web_console/middleware.rb:20:in `catch'
web-console (3.7.0) lib/web_console/middleware.rb:20:in `call'
actionpack (5.2.1) lib/action_dispatch/middleware/show_exceptions.rb:33:in `call'
railties (5.2.1) lib/rails/rack/logger.rb:38:in `call_app'
railties (5.2.1) lib/rails/rack/logger.rb:26:in `block in call'
activesupport (5.2.1) lib/active_support/tagged_logging.rb:71:in `block in tagged'
activesupport (5.2.1) lib/active_support/tagged_logging.rb:28:in `tagged'
activesupport (5.2.1) lib/active_support/tagged_logging.rb:71:in `tagged'
railties (5.2.1) lib/rails/rack/logger.rb:26:in `call'
sprockets-rails (3.2.1) lib/sprockets/rails/quiet_assets.rb:13:in `call'
actionpack (5.2.1) lib/action_dispatch/middleware/remote_ip.rb:81:in `call'
actionpack (5.2.1) lib/action_dispatch/middleware/request_id.rb:27:in `call'
rack (2.0.5) lib/rack/method_override.rb:22:in `call'
rack (2.0.5) lib/rack/runtime.rb:22:in `call'
activesupport (5.2.1) lib/active_support/cache/strategy/local_cache_middleware.rb:29:in `call'
actionpack (5.2.1) lib/action_dispatch/middleware/executor.rb:14:in `call'
actionpack (5.2.1) lib/action_dispatch/middleware/static.rb:127:in `call'
rack (2.0.5) lib/rack/sendfile.rb:111:in `call'
railties (5.2.1) lib/rails/engine.rb:524:in `call'
puma (3.12.0) lib/puma/configuration.rb:225:in `call'
puma (3.12.0) lib/puma/server.rb:658:in `handle_request'
puma (3.12.0) lib/puma/server.rb:472:in `process_client'
puma (3.12.0) lib/puma/server.rb:332:in `block in run'
puma (3.12.0) lib/puma/thread_pool.rb:133:in `block in spawn_thread'
  [1m[35m (5.4ms)[0m  [1m[35mDROP DATABASE IF EXISTS "sparta_rails_mini_project_development"[0m
  ↳ /Users/tech-a04/.rbenv/versions/2.5.1/bin/rake:23
  [1m[35m (0.3ms)[0m  [1m[35mDROP DATABASE IF EXISTS "sparta_rails_mini_project_test"[0m
  ↳ /Users/tech-a04/.rbenv/versions/2.5.1/bin/rake:23
  [1m[35m (616.7ms)[0m  [1m[35mCREATE DATABASE "sparta_rails_mini_project_development" ENCODING = 'unicode'[0m
  ↳ /Users/tech-a04/.rbenv/versions/2.5.1/bin/rake:23
  [1m[35m (763.6ms)[0m  [1m[35mCREATE DATABASE "sparta_rails_mini_project_test" ENCODING = 'unicode'[0m
  ↳ /Users/tech-a04/.rbenv/versions/2.5.1/bin/rake:23
  [1m[35m (48.0ms)[0m  [1m[35mCREATE TABLE "schema_migrations" ("version" character varying NOT NULL PRIMARY KEY)[0m
  ↳ /Users/tech-a04/.rbenv/versions/2.5.1/bin/rake:23
  [1m[35m (21.8ms)[0m  [1m[35mCREATE TABLE "ar_internal_metadata" ("key" character varying NOT NULL PRIMARY KEY, "value" character varying, "created_at" timestamp NOT NULL, "updated_at" timestamp NOT NULL)[0m
  ↳ /Users/tech-a04/.rbenv/versions/2.5.1/bin/rake:23
  [1m[35m (0.6ms)[0m  [1m[34mSELECT pg_try_advisory_lock(3353544976311259905)[0m
  ↳ /Users/tech-a04/.rbenv/versions/2.5.1/bin/rake:23
  [1m[35m (0.9ms)[0m  [1m[34mSELECT "schema_migrations"."version" FROM "schema_migrations" ORDER BY "schema_migrations"."version" ASC[0m
  ↳ /Users/tech-a04/.rbenv/versions/2.5.1/bin/rake:23
Migrating to DeviseCreateUsers (20181005104811)
  [1m[35m (0.3ms)[0m  [1m[35mBEGIN[0m
  ↳ /Users/tech-a04/.rbenv/versions/2.5.1/bin/rake:23
  [1m[35m (40.1ms)[0m  [1m[35mCREATE TABLE "users" ("id" bigserial primary key, "email" character varying DEFAULT '' NOT NULL, "encrypted_password" character varying DEFAULT '' NOT NULL, "reset_password_token" character varying, "reset_password_sent_at" timestamp, "remember_created_at" timestamp, "first_name" character varying, "last_name" character varying, "occupation" character varying, "dob" date, "prof_pic" character varying, "created_at" timestamp NOT NULL, "updated_at" timestamp NOT NULL)[0m
  ↳ db/migrate/20181005104811_devise_create_users.rb:5
  [1m[35m (4.1ms)[0m  [1m[35mCREATE UNIQUE INDEX  "index_users_on_email" ON "users"  ("email")[0m
  ↳ db/migrate/20181005104811_devise_create_users.rb:44
  [1m[35m (3.7ms)[0m  [1m[35mCREATE UNIQUE INDEX  "index_users_on_reset_password_token" ON "users"  ("reset_password_token")[0m
  ↳ db/migrate/20181005104811_devise_create_users.rb:45
  [1m[36mActiveRecord::SchemaMigration Create (3.3ms)[0m  [1m[32mINSERT INTO "schema_migrations" ("version") VALUES ($1) RETURNING "version"[0m  [["version", "20181005104811"]]
  ↳ /Users/tech-a04/.rbenv/versions/2.5.1/bin/rake:23
  [1m[35m (2.5ms)[0m  [1m[35mCOMMIT[0m
  ↳ /Users/tech-a04/.rbenv/versions/2.5.1/bin/rake:23
Migrating to CreateTeches (20181005104922)
  [1m[35m (6.4ms)[0m  [1m[35mBEGIN[0m
  ↳ /Users/tech-a04/.rbenv/versions/2.5.1/bin/rake:23
  [1m[35m (21.5ms)[0m  [1m[35mCREATE TABLE "teches" ("id" bigserial primary key, "technology" character varying, "date_created" date, "version" integer, "desc" text, "logo" character varying, "created_at" timestamp NOT NULL, "updated_at" timestamp NOT NULL)[0m
  ↳ db/migrate/20181005104922_create_teches.rb:3
  [1m[36mActiveRecord::SchemaMigration Create (0.8ms)[0m  [1m[32mINSERT INTO "schema_migrations" ("version") VALUES ($1) RETURNING "version"[0m  [["version", "20181005104922"]]
  ↳ /Users/tech-a04/.rbenv/versions/2.5.1/bin/rake:23
  [1m[35m (2.3ms)[0m  [1m[35mCOMMIT[0m
  ↳ /Users/tech-a04/.rbenv/versions/2.5.1/bin/rake:23
  [1m[36mActiveRecord::InternalMetadata Load (0.7ms)[0m  [1m[34mSELECT  "ar_internal_metadata".* FROM "ar_internal_metadata" WHERE "ar_internal_metadata"."key" = $1 LIMIT $2[0m  [["key", "environment"], ["LIMIT", 1]]
  ↳ /Users/tech-a04/.rbenv/versions/2.5.1/bin/rake:23
  [1m[35m (0.2ms)[0m  [1m[35mBEGIN[0m
  ↳ /Users/tech-a04/.rbenv/versions/2.5.1/bin/rake:23
  [1m[36mActiveRecord::InternalMetadata Create (1.3ms)[0m  [1m[32mINSERT INTO "ar_internal_metadata" ("key", "value", "created_at", "updated_at") VALUES ($1, $2, $3, $4) RETURNING "key"[0m  [["key", "environment"], ["value", "development"], ["created_at", "2018-10-05 11:25:31.092834"], ["updated_at", "2018-10-05 11:25:31.092834"]]
  ↳ /Users/tech-a04/.rbenv/versions/2.5.1/bin/rake:23
  [1m[35m (6.7ms)[0m  [1m[35mCOMMIT[0m
  ↳ /Users/tech-a04/.rbenv/versions/2.5.1/bin/rake:23
  [1m[35m (0.4ms)[0m  [1m[34mSELECT pg_advisory_unlock(3353544976311259905)[0m
  ↳ /Users/tech-a04/.rbenv/versions/2.5.1/bin/rake:23
  [1m[35m (0.5ms)[0m  [1m[34mSELECT "schema_migrations"."version" FROM "schema_migrations" ORDER BY "schema_migrations"."version" ASC[0m
  ↳ /Users/tech-a04/.rbenv/versions/2.5.1/bin/rake:23
Started GET "/" for 127.0.0.1 at 2018-10-05 12:25:39 +0100
  [1m[35m (1.1ms)[0m  [1m[34mSELECT "schema_migrations"."version" FROM "schema_migrations" ORDER BY "schema_migrations"."version" ASC[0m
  ↳ /Users/tech-a04/.rbenv/versions/2.5.1/lib/ruby/gems/2.5.0/gems/activerecord-5.2.1/lib/active_record/log_subscriber.rb:98
Processing by StaticController#landing as HTML
  Rendering static/landing.html.erb within layouts/application
  Rendered static/landing.html.erb within layouts/application (0.4ms)
Completed 200 OK in 6045ms (Views: 6029.3ms | ActiveRecord: 0.0ms)


  [1m[36mTech Load (0.6ms)[0m  [1m[34mSELECT  "teches".* FROM "teches" LIMIT $1[0m  [["LIMIT", 11]]
  [1m[35m (1.2ms)[0m  [1m[34mSELECT "schema_migrations"."version" FROM "schema_migrations" ORDER BY "schema_migrations"."version" ASC[0m
  ↳ /Users/tech-a04/.rbenv/versions/2.5.1/bin/rake:23
  [1m[35m (1.0ms)[0m  [1m[34mSELECT "schema_migrations"."version" FROM "schema_migrations" ORDER BY "schema_migrations"."version" ASC[0m
  ↳ /Users/tech-a04/.rbenv/versions/2.5.1/bin/rake:23
  [1m[35m (0.2ms)[0m  [1m[35mBEGIN[0m
  ↳ db/seeds.rb:4
  [1m[36mTech Create (1.5ms)[0m  [1m[32mINSERT INTO "teches" ("technology", "date_created", "version", "desc", "logo", "created_at", "updated_at") VALUES ($1, $2, $3, $4, $5, $6, $7) RETURNING "id"[0m  [["technology", "HTML"], ["date_created", "1990-12-25"], ["version", 0], ["desc", "Hypertext Markup Language, a standardized system for tagging text files to achieve font, colour, graphic, and hyperlink effects on World Wide Web pages. HTML5 is the latest evolution of the standard that defines HTML. The term represents two different concepts. It is a new version of the language HTML, with new elements, attributes, and behaviors, and a larger set of technologies that allows the building of more diverse and powerful Web sites and applications."], ["logo", ""], ["created_at", "2018-10-05 13:07:10.202204"], ["updated_at", "2018-10-05 13:07:10.202204"]]
  ↳ db/seeds.rb:4
  [1m[35m (10.6ms)[0m  [1m[35mCOMMIT[0m
  ↳ db/seeds.rb:4
  [1m[36mTech Load (0.6ms)[0m  [1m[34mSELECT  "teches".* FROM "teches" LIMIT $1[0m  [["LIMIT", 11]]
  [1m[36mTech Load (0.8ms)[0m  [1m[34mSELECT  "teches".* FROM "teches" LIMIT $1[0m  [["LIMIT", 11]]
  [1m[36mTech Load (0.5ms)[0m  [1m[34mSELECT  "teches".* FROM "teches" LIMIT $1[0m  [["LIMIT", 11]]
  [1m[36mTech Load (0.7ms)[0m  [1m[34mSELECT  "teches".* FROM "teches" ORDER BY "teches"."id" ASC LIMIT $1[0m  [["LIMIT", 1]]
  [1m[35m (1.0ms)[0m  [1m[34mSELECT "schema_migrations"."version" FROM "schema_migrations" ORDER BY "schema_migrations"."version" ASC[0m
  ↳ /Users/tech-a04/.rbenv/versions/2.5.1/bin/rake:23
  [1m[35m (0.2ms)[0m  [1m[35mBEGIN[0m
  ↳ db/seeds.rb:4
  [1m[36mTech Create (0.8ms)[0m  [1m[32mINSERT INTO "teches" ("technology", "date_created", "version", "desc", "logo", "created_at", "updated_at") VALUES ($1, $2, $3, $4, $5, $6, $7) RETURNING "id"[0m  [["technology", "HTML"], ["date_created", "1990-12-25"], ["version", 6], ["desc", "Hypertext Markup Language, a standardized system for tagging text files to achieve font, colour, graphic, and hyperlink effects on World Wide Web pages. HTML5 is the latest evolution of the standard that defines HTML. The term represents two different concepts. It is a new version of the language HTML, with new elements, attributes, and behaviors, and a larger set of technologies that allows the building of more diverse and powerful Web sites and applications."], ["logo", ""], ["created_at", "2018-10-05 13:10:12.908683"], ["updated_at", "2018-10-05 13:10:12.908683"]]
  ↳ db/seeds.rb:4
  [1m[35m (5.4ms)[0m  [1m[35mCOMMIT[0m
  ↳ db/seeds.rb:4
  [1m[36mTech Load (0.6ms)[0m  [1m[34mSELECT  "teches".* FROM "teches" ORDER BY "teches"."id" ASC LIMIT $1[0m  [["LIMIT", 1]]
  [1m[35m (1.1ms)[0m  [1m[34mSELECT "schema_migrations"."version" FROM "schema_migrations" ORDER BY "schema_migrations"."version" ASC[0m
  ↳ /Users/tech-a04/.rbenv/versions/2.5.1/bin/rake:23
  [1m[35m (0.9ms)[0m  [1m[34mSELECT "ar_internal_metadata"."value" FROM "ar_internal_metadata" WHERE "ar_internal_metadata"."key" = $1[0m  [["key", "environment"]]
  ↳ /Users/tech-a04/.rbenv/versions/2.5.1/bin/rake:23
  [1m[35m (0.4ms)[0m  [1m[34mSELECT "schema_migrations"."version" FROM "schema_migrations" ORDER BY "schema_migrations"."version" ASC[0m
  ↳ /Users/tech-a04/.rbenv/versions/2.5.1/bin/rake:23
  [1m[35m (0.4ms)[0m  [1m[34mSELECT "ar_internal_metadata"."value" FROM "ar_internal_metadata" WHERE "ar_internal_metadata"."key" = $1[0m  [["key", "environment"]]
  ↳ /Users/tech-a04/.rbenv/versions/2.5.1/bin/rake:23
  [1m[35m (0.4ms)[0m  [1m[34mSELECT "schema_migrations"."version" FROM "schema_migrations" ORDER BY "schema_migrations"."version" ASC[0m
  ↳ /Users/tech-a04/.rbenv/versions/2.5.1/bin/rake:23
  [1m[35m (0.3ms)[0m  [1m[34mSELECT "ar_internal_metadata"."value" FROM "ar_internal_metadata" WHERE "ar_internal_metadata"."key" = $1[0m  [["key", "environment"]]
  ↳ /Users/tech-a04/.rbenv/versions/2.5.1/bin/rake:23
  [1m[35m (228.6ms)[0m  [1m[35mDROP DATABASE IF EXISTS "sparta_rails_mini_project_development"[0m
  ↳ /Users/tech-a04/.rbenv/versions/2.5.1/bin/rake:23
  [1m[35m (226.2ms)[0m  [1m[35mDROP DATABASE IF EXISTS "sparta_rails_mini_project_test"[0m
  ↳ /Users/tech-a04/.rbenv/versions/2.5.1/bin/rake:23
  [1m[35m (720.7ms)[0m  [1m[35mCREATE DATABASE "sparta_rails_mini_project_development" ENCODING = 'unicode'[0m
  ↳ /Users/tech-a04/.rbenv/versions/2.5.1/bin/rake:23
  [1m[35m (500.0ms)[0m  [1m[35mCREATE DATABASE "sparta_rails_mini_project_test" ENCODING = 'unicode'[0m
  ↳ /Users/tech-a04/.rbenv/versions/2.5.1/bin/rake:23
  [1m[35mSQL (3.4ms)[0m  [1m[35mCREATE EXTENSION IF NOT EXISTS "plpgsql"[0m
  ↳ db/schema.rb:16
  [1m[35m (9.7ms)[0m  [1m[35mDROP TABLE IF EXISTS "teches" CASCADE[0m
  ↳ db/schema.rb:18
  [1m[35m (31.0ms)[0m  [1m[35mCREATE TABLE "teches" ("id" bigserial primary key, "technology" character varying, "date_created" date, "version" integer, "desc" text, "logo" character varying, "created_at" timestamp NOT NULL, "updated_at" timestamp NOT NULL)[0m
  ↳ db/schema.rb:18
  [1m[35m (0.7ms)[0m  [1m[35mDROP TABLE IF EXISTS "users" CASCADE[0m
  ↳ db/schema.rb:28
  [1m[35m (15.1ms)[0m  [1m[35mCREATE TABLE "users" ("id" bigserial primary key, "email" character varying DEFAULT '' NOT NULL, "encrypted_password" character varying DEFAULT '' NOT NULL, "reset_password_token" character varying, "reset_password_sent_at" timestamp, "remember_created_at" timestamp, "first_name" character varying, "last_name" character varying, "occupation" character varying, "dob" date, "prof_pic" character varying, "created_at" timestamp NOT NULL, "updated_at" timestamp NOT NULL)[0m
  ↳ db/schema.rb:28
  [1m[35m (9.7ms)[0m  [1m[35mCREATE UNIQUE INDEX  "index_users_on_email" ON "users"  ("email")[0m
  ↳ db/schema.rb:28
  [1m[35m (7.1ms)[0m  [1m[35mCREATE UNIQUE INDEX  "index_users_on_reset_password_token" ON "users"  ("reset_password_token")[0m
  ↳ db/schema.rb:28
  [1m[35m (14.0ms)[0m  [1m[35mCREATE TABLE "schema_migrations" ("version" character varying NOT NULL PRIMARY KEY)[0m
  ↳ db/schema.rb:13
  [1m[35m (2.7ms)[0m  [1m[34mSELECT "schema_migrations"."version" FROM "schema_migrations" ORDER BY "schema_migrations"."version" ASC[0m
  ↳ db/schema.rb:13
  [1m[35m (3.0ms)[0m  [1m[32mINSERT INTO "schema_migrations" (version) VALUES (20181005104922)[0m
  ↳ db/schema.rb:13
  [1m[35m (3.3ms)[0m  [1m[32mINSERT INTO "schema_migrations" (version) VALUES
(20181005104811);

[0m
  ↳ db/schema.rb:13
  [1m[35m (12.4ms)[0m  [1m[35mCREATE TABLE "ar_internal_metadata" ("key" character varying NOT NULL PRIMARY KEY, "value" character varying, "created_at" timestamp NOT NULL, "updated_at" timestamp NOT NULL)[0m
  ↳ db/schema.rb:13
  [1m[36mActiveRecord::InternalMetadata Load (1.2ms)[0m  [1m[34mSELECT  "ar_internal_metadata".* FROM "ar_internal_metadata" WHERE "ar_internal_metadata"."key" = $1 LIMIT $2[0m  [["key", "environment"], ["LIMIT", 1]]
  ↳ db/schema.rb:13
  [1m[35m (0.3ms)[0m  [1m[35mBEGIN[0m
  ↳ db/schema.rb:13
  [1m[36mActiveRecord::InternalMetadata Create (1.2ms)[0m  [1m[32mINSERT INTO "ar_internal_metadata" ("key", "value", "created_at", "updated_at") VALUES ($1, $2, $3, $4) RETURNING "key"[0m  [["key", "environment"], ["value", "development"], ["created_at", "2018-10-05 13:13:06.424195"], ["updated_at", "2018-10-05 13:13:06.424195"]]
  ↳ db/schema.rb:13
  [1m[35m (2.3ms)[0m  [1m[35mCOMMIT[0m
  ↳ db/schema.rb:13
  [1m[36mActiveRecord::InternalMetadata Load (0.7ms)[0m  [1m[34mSELECT  "ar_internal_metadata".* FROM "ar_internal_metadata" WHERE "ar_internal_metadata"."key" = $1 LIMIT $2[0m  [["key", "environment"], ["LIMIT", 1]]
  ↳ /Users/tech-a04/.rbenv/versions/2.5.1/bin/rake:23
  [1m[35m (0.3ms)[0m  [1m[35mBEGIN[0m
  ↳ /Users/tech-a04/.rbenv/versions/2.5.1/bin/rake:23
  [1m[35m (0.3ms)[0m  [1m[35mCOMMIT[0m
  ↳ /Users/tech-a04/.rbenv/versions/2.5.1/bin/rake:23
  [1m[35mSQL (0.8ms)[0m  [1m[35mCREATE EXTENSION IF NOT EXISTS "plpgsql"[0m
  ↳ db/schema.rb:16
  [1m[35m (0.5ms)[0m  [1m[35mDROP TABLE IF EXISTS "teches" CASCADE[0m
  ↳ db/schema.rb:18
  [1m[35m (21.7ms)[0m  [1m[35mCREATE TABLE "teches" ("id" bigserial primary key, "technology" character varying, "date_created" date, "version" integer, "desc" text, "logo" character varying, "created_at" timestamp NOT NULL, "updated_at" timestamp NOT NULL)[0m
  ↳ db/schema.rb:18
  [1m[35m (0.6ms)[0m  [1m[35mDROP TABLE IF EXISTS "users" CASCADE[0m
  ↳ db/schema.rb:28
  [1m[35m (30.7ms)[0m  [1m[35mCREATE TABLE "users" ("id" bigserial primary key, "email" character varying DEFAULT '' NOT NULL, "encrypted_password" character varying DEFAULT '' NOT NULL, "reset_password_token" character varying, "reset_password_sent_at" timestamp, "remember_created_at" timestamp, "first_name" character varying, "last_name" character varying, "occupation" character varying, "dob" date, "prof_pic" character varying, "created_at" timestamp NOT NULL, "updated_at" timestamp NOT NULL)[0m
  ↳ db/schema.rb:28
  [1m[35m (5.8ms)[0m  [1m[35mCREATE UNIQUE INDEX  "index_users_on_email" ON "users"  ("email")[0m
  ↳ db/schema.rb:28
  [1m[35m (3.7ms)[0m  [1m[35mCREATE UNIQUE INDEX  "index_users_on_reset_password_token" ON "users"  ("reset_password_token")[0m
  ↳ db/schema.rb:28
  [1m[35m (10.5ms)[0m  [1m[35mCREATE TABLE "schema_migrations" ("version" character varying NOT NULL PRIMARY KEY)[0m
  ↳ db/schema.rb:13
  [1m[35m (1.5ms)[0m  [1m[34mSELECT "schema_migrations"."version" FROM "schema_migrations" ORDER BY "schema_migrations"."version" ASC[0m
  ↳ db/schema.rb:13
  [1m[35m (2.8ms)[0m  [1m[32mINSERT INTO "schema_migrations" (version) VALUES (20181005104922)[0m
  ↳ db/schema.rb:13
  [1m[35m (2.9ms)[0m  [1m[32mINSERT INTO "schema_migrations" (version) VALUES
(20181005104811);

[0m
  ↳ db/schema.rb:13
  [1m[35m (17.1ms)[0m  [1m[35mCREATE TABLE "ar_internal_metadata" ("key" character varying NOT NULL PRIMARY KEY, "value" character varying, "created_at" timestamp NOT NULL, "updated_at" timestamp NOT NULL)[0m
  ↳ db/schema.rb:13
  [1m[36mActiveRecord::InternalMetadata Load (0.8ms)[0m  [1m[34mSELECT  "ar_internal_metadata".* FROM "ar_internal_metadata" WHERE "ar_internal_metadata"."key" = $1 LIMIT $2[0m  [["key", "environment"], ["LIMIT", 1]]
  ↳ db/schema.rb:13
  [1m[35m (0.3ms)[0m  [1m[35mBEGIN[0m
  ↳ db/schema.rb:13
  [1m[36mActiveRecord::InternalMetadata Create (1.0ms)[0m  [1m[32mINSERT INTO "ar_internal_metadata" ("key", "value", "created_at", "updated_at") VALUES ($1, $2, $3, $4) RETURNING "key"[0m  [["key", "environment"], ["value", "development"], ["created_at", "2018-10-05 13:13:06.626023"], ["updated_at", "2018-10-05 13:13:06.626023"]]
  ↳ db/schema.rb:13
  [1m[35m (2.2ms)[0m  [1m[35mCOMMIT[0m
  ↳ db/schema.rb:13
  [1m[36mActiveRecord::InternalMetadata Load (0.5ms)[0m  [1m[34mSELECT  "ar_internal_metadata".* FROM "ar_internal_metadata" WHERE "ar_internal_metadata"."key" = $1 LIMIT $2[0m  [["key", "environment"], ["LIMIT", 1]]
  ↳ /Users/tech-a04/.rbenv/versions/2.5.1/bin/rake:23
  [1m[35m (0.3ms)[0m  [1m[35mBEGIN[0m
  ↳ /Users/tech-a04/.rbenv/versions/2.5.1/bin/rake:23
  [1m[36mActiveRecord::InternalMetadata Update (0.7ms)[0m  [1m[33mUPDATE "ar_internal_metadata" SET "value" = $1, "updated_at" = $2 WHERE "ar_internal_metadata"."key" = $3[0m  [["value", "test"], ["updated_at", "2018-10-05 13:13:06.635663"], ["key", "environment"]]
  ↳ /Users/tech-a04/.rbenv/versions/2.5.1/bin/rake:23
  [1m[35m (2.3ms)[0m  [1m[35mCOMMIT[0m
  ↳ /Users/tech-a04/.rbenv/versions/2.5.1/bin/rake:23
  [1m[35m (1.8ms)[0m  [1m[34mSELECT "schema_migrations"."version" FROM "schema_migrations" ORDER BY "schema_migrations"."version" ASC[0m
  ↳ /Users/tech-a04/.rbenv/versions/2.5.1/bin/rake:23
  [1m[35m (0.3ms)[0m  [1m[35mBEGIN[0m
  ↳ db/seeds.rb:4
  [1m[36mTech Create (1.9ms)[0m  [1m[32mINSERT INTO "teches" ("technology", "date_created", "version", "desc", "logo", "created_at", "updated_at") VALUES ($1, $2, $3, $4, $5, $6, $7) RETURNING "id"[0m  [["technology", "HTML"], ["date_created", "1990-12-25"], ["version", 6], ["desc", "Hypertext Markup Language, a standardized system for tagging text files to achieve font, colour, graphic, and hyperlink effects on World Wide Web pages. HTML5 is the latest evolution of the standard that defines HTML. The term represents two different concepts. It is a new version of the language HTML, with new elements, attributes, and behaviors, and a larger set of technologies that allows the building of more diverse and powerful Web sites and applications."], ["logo", ""], ["created_at", "2018-10-05 13:13:06.715265"], ["updated_at", "2018-10-05 13:13:06.715265"]]
  ↳ db/seeds.rb:4
  [1m[35m (2.2ms)[0m  [1m[35mCOMMIT[0m
  ↳ db/seeds.rb:4
  [1m[35m (1.0ms)[0m  [1m[34mSELECT "schema_migrations"."version" FROM "schema_migrations" ORDER BY "schema_migrations"."version" ASC[0m
  ↳ /Users/tech-a04/.rbenv/versions/2.5.1/bin/rake:23
  [1m[35m (0.3ms)[0m  [1m[35mBEGIN[0m
  ↳ db/seeds.rb:4
  [1m[36mTech Create (0.8ms)[0m  [1m[32mINSERT INTO "teches" ("technology", "date_created", "version", "desc", "logo", "created_at", "updated_at") VALUES ($1, $2, $3, $4, $5, $6, $7) RETURNING "id"[0m  [["technology", "HTML"], ["date_created", "1990-12-25"], ["version", 6], ["desc", "Hypertext Markup Language, a standardized system for tagging text files to achieve font, colour, graphic, and hyperlink effects on World Wide Web pages. HTML5 is the latest evolution of the standard that defines HTML. The term represents two different concepts. It is a new version of the language HTML, with new elements, attributes, and behaviors, and a larger set of technologies that allows the building of more diverse and powerful Web sites and applications."], ["logo", ""], ["created_at", "2018-10-05 13:13:13.576322"], ["updated_at", "2018-10-05 13:13:13.576322"]]
  ↳ db/seeds.rb:4
  [1m[35m (2.3ms)[0m  [1m[35mCOMMIT[0m
  ↳ db/seeds.rb:4
  [1m[36mTech Load (0.6ms)[0m  [1m[34mSELECT  "teches".* FROM "teches" LIMIT $1[0m  [["LIMIT", 11]]
  [1m[35m (1.0ms)[0m  [1m[34mSELECT "schema_migrations"."version" FROM "schema_migrations" ORDER BY "schema_migrations"."version" ASC[0m
  ↳ /Users/tech-a04/.rbenv/versions/2.5.1/bin/rake:23
  [1m[35m (0.6ms)[0m  [1m[34mSELECT "ar_internal_metadata"."value" FROM "ar_internal_metadata" WHERE "ar_internal_metadata"."key" = $1[0m  [["key", "environment"]]
  ↳ /Users/tech-a04/.rbenv/versions/2.5.1/bin/rake:23
  [1m[35m (0.4ms)[0m  [1m[34mSELECT "schema_migrations"."version" FROM "schema_migrations" ORDER BY "schema_migrations"."version" ASC[0m
  ↳ /Users/tech-a04/.rbenv/versions/2.5.1/bin/rake:23
  [1m[35m (0.3ms)[0m  [1m[34mSELECT "ar_internal_metadata"."value" FROM "ar_internal_metadata" WHERE "ar_internal_metadata"."key" = $1[0m  [["key", "environment"]]
  ↳ /Users/tech-a04/.rbenv/versions/2.5.1/bin/rake:23
  [1m[35m (0.4ms)[0m  [1m[34mSELECT "schema_migrations"."version" FROM "schema_migrations" ORDER BY "schema_migrations"."version" ASC[0m
  ↳ /Users/tech-a04/.rbenv/versions/2.5.1/bin/rake:23
  [1m[35m (0.4ms)[0m  [1m[34mSELECT "ar_internal_metadata"."value" FROM "ar_internal_metadata" WHERE "ar_internal_metadata"."key" = $1[0m  [["key", "environment"]]
  ↳ /Users/tech-a04/.rbenv/versions/2.5.1/bin/rake:23
  [1m[35m (206.5ms)[0m  [1m[35mDROP DATABASE IF EXISTS "sparta_rails_mini_project_development"[0m
  ↳ /Users/tech-a04/.rbenv/versions/2.5.1/bin/rake:23
  [1m[35m (212.3ms)[0m  [1m[35mDROP DATABASE IF EXISTS "sparta_rails_mini_project_test"[0m
  ↳ /Users/tech-a04/.rbenv/versions/2.5.1/bin/rake:23
  [1m[35m (778.5ms)[0m  [1m[35mCREATE DATABASE "sparta_rails_mini_project_development" ENCODING = 'unicode'[0m
  ↳ /Users/tech-a04/.rbenv/versions/2.5.1/bin/rake:23
  [1m[35m (803.7ms)[0m  [1m[35mCREATE DATABASE "sparta_rails_mini_project_test" ENCODING = 'unicode'[0m
  ↳ /Users/tech-a04/.rbenv/versions/2.5.1/bin/rake:23
  [1m[35m (15.1ms)[0m  [1m[35mCREATE TABLE "schema_migrations" ("version" character varying NOT NULL PRIMARY KEY)[0m
  ↳ /Users/tech-a04/.rbenv/versions/2.5.1/bin/rake:23
  [1m[35m (10.3ms)[0m  [1m[35mCREATE TABLE "ar_internal_metadata" ("key" character varying NOT NULL PRIMARY KEY, "value" character varying, "created_at" timestamp NOT NULL, "updated_at" timestamp NOT NULL)[0m
  ↳ /Users/tech-a04/.rbenv/versions/2.5.1/bin/rake:23
  [1m[35m (0.5ms)[0m  [1m[34mSELECT pg_try_advisory_lock(3353544976311259905)[0m
  ↳ /Users/tech-a04/.rbenv/versions/2.5.1/bin/rake:23
  [1m[35m (1.0ms)[0m  [1m[34mSELECT "schema_migrations"."version" FROM "schema_migrations" ORDER BY "schema_migrations"."version" ASC[0m
  ↳ /Users/tech-a04/.rbenv/versions/2.5.1/bin/rake:23
Migrating to DeviseCreateUsers (20181005104811)
  [1m[35m (0.3ms)[0m  [1m[35mBEGIN[0m
  ↳ /Users/tech-a04/.rbenv/versions/2.5.1/bin/rake:23
  [1m[35m (31.5ms)[0m  [1m[35mCREATE TABLE "users" ("id" bigserial primary key, "email" character varying DEFAULT '' NOT NULL, "encrypted_password" character varying DEFAULT '' NOT NULL, "reset_password_token" character varying, "reset_password_sent_at" timestamp, "remember_created_at" timestamp, "first_name" character varying, "last_name" character varying, "occupation" character varying, "dob" date, "prof_pic" character varying, "created_at" timestamp NOT NULL, "updated_at" timestamp NOT NULL)[0m
  ↳ db/migrate/20181005104811_devise_create_users.rb:5
  [1m[35m (5.9ms)[0m  [1m[35mCREATE UNIQUE INDEX  "index_users_on_email" ON "users"  ("email")[0m
  ↳ db/migrate/20181005104811_devise_create_users.rb:44
  [1m[35m (2.8ms)[0m  [1m[35mCREATE UNIQUE INDEX  "index_users_on_reset_password_token" ON "users"  ("reset_password_token")[0m
  ↳ db/migrate/20181005104811_devise_create_users.rb:45
  [1m[36mActiveRecord::SchemaMigration Create (2.0ms)[0m  [1m[32mINSERT INTO "schema_migrations" ("version") VALUES ($1) RETURNING "version"[0m  [["version", "20181005104811"]]
  ↳ /Users/tech-a04/.rbenv/versions/2.5.1/bin/rake:23
  [1m[35m (2.7ms)[0m  [1m[35mCOMMIT[0m
  ↳ /Users/tech-a04/.rbenv/versions/2.5.1/bin/rake:23
Migrating to CreateTeches (20181005104922)
  [1m[35m (0.7ms)[0m  [1m[35mBEGIN[0m
  ↳ /Users/tech-a04/.rbenv/versions/2.5.1/bin/rake:23
  [1m[35m (9.7ms)[0m  [1m[35mCREATE TABLE "teches" ("id" bigserial primary key, "technology" character varying, "date_created" date, "version" integer, "desc" text, "logo" character varying, "created_at" timestamp NOT NULL, "updated_at" timestamp NOT NULL)[0m
  ↳ db/migrate/20181005104922_create_teches.rb:3
  [1m[36mActiveRecord::SchemaMigration Create (0.8ms)[0m  [1m[32mINSERT INTO "schema_migrations" ("version") VALUES ($1) RETURNING "version"[0m  [["version", "20181005104922"]]
  ↳ /Users/tech-a04/.rbenv/versions/2.5.1/bin/rake:23
  [1m[35m (2.6ms)[0m  [1m[35mCOMMIT[0m
  ↳ /Users/tech-a04/.rbenv/versions/2.5.1/bin/rake:23
  [1m[36mActiveRecord::InternalMetadata Load (1.3ms)[0m  [1m[34mSELECT  "ar_internal_metadata".* FROM "ar_internal_metadata" WHERE "ar_internal_metadata"."key" = $1 LIMIT $2[0m  [["key", "environment"], ["LIMIT", 1]]
  ↳ /Users/tech-a04/.rbenv/versions/2.5.1/bin/rake:23
  [1m[35m (0.3ms)[0m  [1m[35mBEGIN[0m
  ↳ /Users/tech-a04/.rbenv/versions/2.5.1/bin/rake:23
  [1m[36mActiveRecord::InternalMetadata Create (1.0ms)[0m  [1m[32mINSERT INTO "ar_internal_metadata" ("key", "value", "created_at", "updated_at") VALUES ($1, $2, $3, $4) RETURNING "key"[0m  [["key", "environment"], ["value", "development"], ["created_at", "2018-10-05 13:38:48.314817"], ["updated_at", "2018-10-05 13:38:48.314817"]]
  ↳ /Users/tech-a04/.rbenv/versions/2.5.1/bin/rake:23
  [1m[35m (2.3ms)[0m  [1m[35mCOMMIT[0m
  ↳ /Users/tech-a04/.rbenv/versions/2.5.1/bin/rake:23
  [1m[35m (1.0ms)[0m  [1m[34mSELECT pg_advisory_unlock(3353544976311259905)[0m
  ↳ /Users/tech-a04/.rbenv/versions/2.5.1/bin/rake:23
  [1m[35m (0.9ms)[0m  [1m[34mSELECT "schema_migrations"."version" FROM "schema_migrations" ORDER BY "schema_migrations"."version" ASC[0m
  ↳ /Users/tech-a04/.rbenv/versions/2.5.1/bin/rake:23
  [1m[35m (0.4ms)[0m  [1m[34mSELECT "schema_migrations"."version" FROM "schema_migrations" ORDER BY "schema_migrations"."version" ASC[0m
  ↳ /Users/tech-a04/.rbenv/versions/2.5.1/bin/rake:23
  [1m[35m (0.2ms)[0m  [1m[35mBEGIN[0m
  ↳ db/seeds.rb:4
  [1m[36mTech Create (0.9ms)[0m  [1m[32mINSERT INTO "teches" ("technology", "date_created", "version", "desc", "logo", "created_at", "updated_at") VALUES ($1, $2, $3, $4, $5, $6, $7) RETURNING "id"[0m  [["technology", "HTML"], ["date_created", "1990-12-25"], ["version", 6], ["desc", "Hypertext Markup Language, a standardized system for tagging text files to achieve font, colour, graphic, and hyperlink effects on World Wide Web pages. HTML5 is the latest evolution of the standard that defines HTML. The term represents two different concepts. It is a new version of the language HTML, with new elements, attributes, and behaviors, and a larger set of technologies that allows the building of more diverse and powerful Web sites and applications."], ["logo", "html5.png"], ["created_at", "2018-10-05 13:38:48.393629"], ["updated_at", "2018-10-05 13:38:48.393629"]]
  ↳ db/seeds.rb:4
  [1m[35m (11.1ms)[0m  [1m[35mCOMMIT[0m
  ↳ db/seeds.rb:4
  [1m[35m (0.3ms)[0m  [1m[35mBEGIN[0m
  ↳ db/seeds.rb:4
  [1m[36mTech Create (0.7ms)[0m  [1m[32mINSERT INTO "teches" ("technology", "date_created", "version", "desc", "logo", "created_at", "updated_at") VALUES ($1, $2, $3, $4, $5, $6, $7) RETURNING "id"[0m  [["technology", "CSS"], ["date_created", "1996-12-17"], ["version", 4], ["desc", "CSS stands for Cascading Style Sheets. CSS describes how HTML elements are to be displayed on screen, paper, or in other media. CSS saves a lot of work. It can control the layout of multiple web pages all at once."], ["logo", "css.png"], ["created_at", "2018-10-05 13:38:48.408282"], ["updated_at", "2018-10-05 13:38:48.408282"]]
  ↳ db/seeds.rb:4
  [1m[35m (2.4ms)[0m  [1m[35mCOMMIT[0m
  ↳ db/seeds.rb:4
  [1m[35m (0.3ms)[0m  [1m[35mBEGIN[0m
  ↳ db/seeds.rb:4
  [1m[36mTech Create (0.8ms)[0m  [1m[32mINSERT INTO "teches" ("technology", "date_created", "version", "desc", "logo", "created_at", "updated_at") VALUES ($1, $2, $3, $4, $5, $6, $7) RETURNING "id"[0m  [["technology", "Javascript"], ["date_created", "1995-12-04"], ["version", 13], ["desc", "an object-oriented computer programming language commonly used to create interactive effects within web browsers."], ["logo", "javascript.png"], ["created_at", "2018-10-05 13:38:48.414675"], ["updated_at", "2018-10-05 13:38:48.414675"]]
  ↳ db/seeds.rb:4
  [1m[35m (2.4ms)[0m  [1m[35mCOMMIT[0m
  ↳ db/seeds.rb:4
  [1m[35m (0.3ms)[0m  [1m[35mBEGIN[0m
  ↳ db/seeds.rb:4
  [1m[36mTech Create (0.7ms)[0m  [1m[32mINSERT INTO "teches" ("technology", "date_created", "version", "desc", "logo", "created_at", "updated_at") VALUES ($1, $2, $3, $4, $5, $6, $7) RETURNING "id"[0m  [["technology", "Ruby"], ["date_created", "1995-12-21"], ["version", 2], ["desc", "Ruby is an open source, object-oriented programming language created by Yukihiro Matsumoto. Designed to provide a programming language that focuses on simplicity and productivity, the creation of Ruby drew its inspiration from Lisp, Smalltalk and Perl."], ["logo", "ruby.png"], ["created_at", "2018-10-05 13:38:48.421139"], ["updated_at", "2018-10-05 13:38:48.421139"]]
  ↳ db/seeds.rb:4
  [1m[35m (2.4ms)[0m  [1m[35mCOMMIT[0m
  ↳ db/seeds.rb:4
  [1m[35m (0.3ms)[0m  [1m[35mBEGIN[0m
  ↳ db/seeds.rb:4
  [1m[36mTech Create (0.7ms)[0m  [1m[32mINSERT INTO "teches" ("technology", "date_created", "version", "desc", "logo", "created_at", "updated_at") VALUES ($1, $2, $3, $4, $5, $6, $7) RETURNING "id"[0m  [["technology", "Rails"], ["date_created", "2005-12-13"], ["version", 2], ["desc", "Ruby on Rails, sometimes known as \"RoR\" or just \"Rails,\" is an open source framework for Web development in Ruby, an object-oriented programming (OOP) language similar to Perl and Python."], ["logo", "rubyrails.png"], ["created_at", "2018-10-05 13:38:48.427328"], ["updated_at", "2018-10-05 13:38:48.427328"]]
  ↳ db/seeds.rb:4
  [1m[35m (2.5ms)[0m  [1m[35mCOMMIT[0m
  ↳ db/seeds.rb:4
  [1m[36mTech Load (0.6ms)[0m  [1m[34mSELECT  "teches".* FROM "teches" LIMIT $1[0m  [["LIMIT", 11]]
Started GET "/" for 127.0.0.1 at 2018-10-05 14:40:31 +0100
  [1m[35m (1.1ms)[0m  [1m[34mSELECT "schema_migrations"."version" FROM "schema_migrations" ORDER BY "schema_migrations"."version" ASC[0m
  ↳ /Users/tech-a04/.rbenv/versions/2.5.1/lib/ruby/gems/2.5.0/gems/activerecord-5.2.1/lib/active_record/log_subscriber.rb:98
Processing by StaticController#landing as HTML
  Rendering static/landing.html.erb within layouts/application
  Rendered static/landing.html.erb within layouts/application (0.9ms)
Completed 200 OK in 454ms (Views: 442.2ms | ActiveRecord: 0.0ms)


Started GET "/" for 127.0.0.1 at 2018-10-05 14:40:49 +0100
Processing by StaticController#landing as HTML
  Rendering static/landing.html.erb within layouts/application
  Rendered static/landing.html.erb within layouts/application (0.6ms)
Completed 200 OK in 50ms (Views: 45.2ms | ActiveRecord: 0.0ms)


Started GET "/teches" for 127.0.0.1 at 2018-10-05 14:40:53 +0100
  
ActionController::RoutingError (No route matches [GET] "/teches"):
  
actionpack (5.2.1) lib/action_dispatch/middleware/debug_exceptions.rb:65:in `call'
web-console (3.7.0) lib/web_console/middleware.rb:135:in `call_app'
web-console (3.7.0) lib/web_console/middleware.rb:30:in `block in call'
web-console (3.7.0) lib/web_console/middleware.rb:20:in `catch'
web-console (3.7.0) lib/web_console/middleware.rb:20:in `call'
actionpack (5.2.1) lib/action_dispatch/middleware/show_exceptions.rb:33:in `call'
railties (5.2.1) lib/rails/rack/logger.rb:38:in `call_app'
railties (5.2.1) lib/rails/rack/logger.rb:26:in `block in call'
activesupport (5.2.1) lib/active_support/tagged_logging.rb:71:in `block in tagged'
activesupport (5.2.1) lib/active_support/tagged_logging.rb:28:in `tagged'
activesupport (5.2.1) lib/active_support/tagged_logging.rb:71:in `tagged'
railties (5.2.1) lib/rails/rack/logger.rb:26:in `call'
sprockets-rails (3.2.1) lib/sprockets/rails/quiet_assets.rb:13:in `call'
actionpack (5.2.1) lib/action_dispatch/middleware/remote_ip.rb:81:in `call'
actionpack (5.2.1) lib/action_dispatch/middleware/request_id.rb:27:in `call'
rack (2.0.5) lib/rack/method_override.rb:22:in `call'
rack (2.0.5) lib/rack/runtime.rb:22:in `call'
activesupport (5.2.1) lib/active_support/cache/strategy/local_cache_middleware.rb:29:in `call'
actionpack (5.2.1) lib/action_dispatch/middleware/executor.rb:14:in `call'
actionpack (5.2.1) lib/action_dispatch/middleware/static.rb:127:in `call'
rack (2.0.5) lib/rack/sendfile.rb:111:in `call'
railties (5.2.1) lib/rails/engine.rb:524:in `call'
puma (3.12.0) lib/puma/configuration.rb:225:in `call'
puma (3.12.0) lib/puma/server.rb:658:in `handle_request'
puma (3.12.0) lib/puma/server.rb:472:in `process_client'
puma (3.12.0) lib/puma/server.rb:332:in `block in run'
puma (3.12.0) lib/puma/thread_pool.rb:133:in `block in spawn_thread'
Started GET "/techs" for 127.0.0.1 at 2018-10-05 14:41:01 +0100
  
ActionController::RoutingError (No route matches [GET] "/techs"):
  
actionpack (5.2.1) lib/action_dispatch/middleware/debug_exceptions.rb:65:in `call'
web-console (3.7.0) lib/web_console/middleware.rb:135:in `call_app'
web-console (3.7.0) lib/web_console/middleware.rb:30:in `block in call'
web-console (3.7.0) lib/web_console/middleware.rb:20:in `catch'
web-console (3.7.0) lib/web_console/middleware.rb:20:in `call'
actionpack (5.2.1) lib/action_dispatch/middleware/show_exceptions.rb:33:in `call'
railties (5.2.1) lib/rails/rack/logger.rb:38:in `call_app'
railties (5.2.1) lib/rails/rack/logger.rb:26:in `block in call'
activesupport (5.2.1) lib/active_support/tagged_logging.rb:71:in `block in tagged'
activesupport (5.2.1) lib/active_support/tagged_logging.rb:28:in `tagged'
activesupport (5.2.1) lib/active_support/tagged_logging.rb:71:in `tagged'
railties (5.2.1) lib/rails/rack/logger.rb:26:in `call'
sprockets-rails (3.2.1) lib/sprockets/rails/quiet_assets.rb:13:in `call'
actionpack (5.2.1) lib/action_dispatch/middleware/remote_ip.rb:81:in `call'
actionpack (5.2.1) lib/action_dispatch/middleware/request_id.rb:27:in `call'
rack (2.0.5) lib/rack/method_override.rb:22:in `call'
rack (2.0.5) lib/rack/runtime.rb:22:in `call'
activesupport (5.2.1) lib/active_support/cache/strategy/local_cache_middleware.rb:29:in `call'
actionpack (5.2.1) lib/action_dispatch/middleware/executor.rb:14:in `call'
actionpack (5.2.1) lib/action_dispatch/middleware/static.rb:127:in `call'
rack (2.0.5) lib/rack/sendfile.rb:111:in `call'
railties (5.2.1) lib/rails/engine.rb:524:in `call'
puma (3.12.0) lib/puma/configuration.rb:225:in `call'
puma (3.12.0) lib/puma/server.rb:658:in `handle_request'
puma (3.12.0) lib/puma/server.rb:472:in `process_client'
puma (3.12.0) lib/puma/server.rb:332:in `block in run'
puma (3.12.0) lib/puma/thread_pool.rb:133:in `block in spawn_thread'
Started GET "/teches" for 127.0.0.1 at 2018-10-05 14:41:52 +0100
  
ActionController::RoutingError (No route matches [GET] "/teches"):
  
actionpack (5.2.1) lib/action_dispatch/middleware/debug_exceptions.rb:65:in `call'
web-console (3.7.0) lib/web_console/middleware.rb:135:in `call_app'
web-console (3.7.0) lib/web_console/middleware.rb:30:in `block in call'
web-console (3.7.0) lib/web_console/middleware.rb:20:in `catch'
web-console (3.7.0) lib/web_console/middleware.rb:20:in `call'
actionpack (5.2.1) lib/action_dispatch/middleware/show_exceptions.rb:33:in `call'
railties (5.2.1) lib/rails/rack/logger.rb:38:in `call_app'
railties (5.2.1) lib/rails/rack/logger.rb:26:in `block in call'
activesupport (5.2.1) lib/active_support/tagged_logging.rb:71:in `block in tagged'
activesupport (5.2.1) lib/active_support/tagged_logging.rb:28:in `tagged'
activesupport (5.2.1) lib/active_support/tagged_logging.rb:71:in `tagged'
railties (5.2.1) lib/rails/rack/logger.rb:26:in `call'
sprockets-rails (3.2.1) lib/sprockets/rails/quiet_assets.rb:13:in `call'
actionpack (5.2.1) lib/action_dispatch/middleware/remote_ip.rb:81:in `call'
actionpack (5.2.1) lib/action_dispatch/middleware/request_id.rb:27:in `call'
rack (2.0.5) lib/rack/method_override.rb:22:in `call'
rack (2.0.5) lib/rack/runtime.rb:22:in `call'
activesupport (5.2.1) lib/active_support/cache/strategy/local_cache_middleware.rb:29:in `call'
actionpack (5.2.1) lib/action_dispatch/middleware/executor.rb:14:in `call'
actionpack (5.2.1) lib/action_dispatch/middleware/static.rb:127:in `call'
rack (2.0.5) lib/rack/sendfile.rb:111:in `call'
railties (5.2.1) lib/rails/engine.rb:524:in `call'
puma (3.12.0) lib/puma/configuration.rb:225:in `call'
puma (3.12.0) lib/puma/server.rb:658:in `handle_request'
puma (3.12.0) lib/puma/server.rb:472:in `process_client'
puma (3.12.0) lib/puma/server.rb:332:in `block in run'
puma (3.12.0) lib/puma/thread_pool.rb:133:in `block in spawn_thread'
Started GET "/teches" for 127.0.0.1 at 2018-10-05 14:46:11 +0100
  [1m[35m (0.4ms)[0m  [1m[34mSELECT "schema_migrations"."version" FROM "schema_migrations" ORDER BY "schema_migrations"."version" ASC[0m
  ↳ /Users/tech-a04/.rbenv/versions/2.5.1/lib/ruby/gems/2.5.0/gems/activerecord-5.2.1/lib/active_record/log_subscriber.rb:98
  
ActiveRecord::PendingMigrationError (

Migrations are pending. To resolve this issue, run:

        bin/rails db:migrate RAILS_ENV=development

):
  
activerecord (5.2.1) lib/active_record/migration.rb:579:in `check_pending!'
activerecord (5.2.1) lib/active_record/migration.rb:556:in `call'
actionpack (5.2.1) lib/action_dispatch/middleware/callbacks.rb:28:in `block in call'
activesupport (5.2.1) lib/active_support/callbacks.rb:98:in `run_callbacks'
actionpack (5.2.1) lib/action_dispatch/middleware/callbacks.rb:26:in `call'
actionpack (5.2.1) lib/action_dispatch/middleware/executor.rb:14:in `call'
actionpack (5.2.1) lib/action_dispatch/middleware/debug_exceptions.rb:61:in `call'
web-console (3.7.0) lib/web_console/middleware.rb:135:in `call_app'
web-console (3.7.0) lib/web_console/middleware.rb:30:in `block in call'
web-console (3.7.0) lib/web_console/middleware.rb:20:in `catch'
web-console (3.7.0) lib/web_console/middleware.rb:20:in `call'
actionpack (5.2.1) lib/action_dispatch/middleware/show_exceptions.rb:33:in `call'
railties (5.2.1) lib/rails/rack/logger.rb:38:in `call_app'
railties (5.2.1) lib/rails/rack/logger.rb:26:in `block in call'
activesupport (5.2.1) lib/active_support/tagged_logging.rb:71:in `block in tagged'
activesupport (5.2.1) lib/active_support/tagged_logging.rb:28:in `tagged'
activesupport (5.2.1) lib/active_support/tagged_logging.rb:71:in `tagged'
railties (5.2.1) lib/rails/rack/logger.rb:26:in `call'
sprockets-rails (3.2.1) lib/sprockets/rails/quiet_assets.rb:13:in `call'
actionpack (5.2.1) lib/action_dispatch/middleware/remote_ip.rb:81:in `call'
actionpack (5.2.1) lib/action_dispatch/middleware/request_id.rb:27:in `call'
rack (2.0.5) lib/rack/method_override.rb:22:in `call'
rack (2.0.5) lib/rack/runtime.rb:22:in `call'
activesupport (5.2.1) lib/active_support/cache/strategy/local_cache_middleware.rb:29:in `call'
actionpack (5.2.1) lib/action_dispatch/middleware/executor.rb:14:in `call'
actionpack (5.2.1) lib/action_dispatch/middleware/static.rb:127:in `call'
rack (2.0.5) lib/rack/sendfile.rb:111:in `call'
railties (5.2.1) lib/rails/engine.rb:524:in `call'
puma (3.12.0) lib/puma/configuration.rb:225:in `call'
puma (3.12.0) lib/puma/server.rb:658:in `handle_request'
puma (3.12.0) lib/puma/server.rb:472:in `process_client'
puma (3.12.0) lib/puma/server.rb:332:in `block in run'
puma (3.12.0) lib/puma/thread_pool.rb:133:in `block in spawn_thread'
  [1m[35m (0.3ms)[0m  [1m[34mSELECT pg_try_advisory_lock(3353544976311259905)[0m
  ↳ /Users/tech-a04/.rbenv/versions/2.5.1/bin/rake:23
  [1m[35m (1.0ms)[0m  [1m[34mSELECT "schema_migrations"."version" FROM "schema_migrations" ORDER BY "schema_migrations"."version" ASC[0m
  ↳ /Users/tech-a04/.rbenv/versions/2.5.1/bin/rake:23
Migrating to CreateComments (20181005130045)
  [1m[35m (0.2ms)[0m  [1m[35mBEGIN[0m
  ↳ /Users/tech-a04/.rbenv/versions/2.5.1/bin/rake:23
  [1m[35m (21.6ms)[0m  [1m[35mCREATE TABLE "comments" ("id" bigserial primary key, "tech_id" integer, "user_id" integer, "body" text, "created_at" timestamp NOT NULL, "updated_at" timestamp NOT NULL)[0m
  ↳ db/migrate/20181005130045_create_comments.rb:3
  [1m[36mActiveRecord::SchemaMigration Create (0.8ms)[0m  [1m[32mINSERT INTO "schema_migrations" ("version") VALUES ($1) RETURNING "version"[0m  [["version", "20181005130045"]]
  ↳ /Users/tech-a04/.rbenv/versions/2.5.1/bin/rake:23
  [1m[35m (2.5ms)[0m  [1m[35mCOMMIT[0m
  ↳ /Users/tech-a04/.rbenv/versions/2.5.1/bin/rake:23
Migrating to CreateTeches (20181005132147)
  [1m[35m (6.4ms)[0m  [1m[35mBEGIN[0m
  ↳ /Users/tech-a04/.rbenv/versions/2.5.1/bin/rake:23
  [1m[35m (15.2ms)[0m  [1m[35mCREATE TABLE "teches" ("id" bigserial primary key, "technology" character varying, "date_created" date, "version" integer, "desc" text, "logo" character varying, "user_id" integer, "created_at" timestamp NOT NULL, "updated_at" timestamp NOT NULL)[0m
  ↳ db/migrate/20181005132147_create_teches.rb:3
  [1m[35m (0.2ms)[0m  [1m[31mROLLBACK[0m
  ↳ /Users/tech-a04/.rbenv/versions/2.5.1/bin/rake:23
  [1m[35m (0.4ms)[0m  [1m[34mSELECT pg_advisory_unlock(3353544976311259905)[0m
  ↳ /Users/tech-a04/.rbenv/versions/2.5.1/bin/rake:23
  [1m[35m (1.0ms)[0m  [1m[34mSELECT "schema_migrations"."version" FROM "schema_migrations" ORDER BY "schema_migrations"."version" ASC[0m
  ↳ /Users/tech-a04/.rbenv/versions/2.5.1/bin/rake:23
  [1m[35m (0.6ms)[0m  [1m[34mSELECT "ar_internal_metadata"."value" FROM "ar_internal_metadata" WHERE "ar_internal_metadata"."key" = $1[0m  [["key", "environment"]]
  ↳ /Users/tech-a04/.rbenv/versions/2.5.1/bin/rake:23
  [1m[35m (0.3ms)[0m  [1m[34mSELECT "schema_migrations"."version" FROM "schema_migrations" ORDER BY "schema_migrations"."version" ASC[0m
  ↳ /Users/tech-a04/.rbenv/versions/2.5.1/bin/rake:23
  [1m[35m (0.3ms)[0m  [1m[34mSELECT "ar_internal_metadata"."value" FROM "ar_internal_metadata" WHERE "ar_internal_metadata"."key" = $1[0m  [["key", "environment"]]
  ↳ /Users/tech-a04/.rbenv/versions/2.5.1/bin/rake:23
  [1m[35m (0.3ms)[0m  [1m[34mSELECT "schema_migrations"."version" FROM "schema_migrations" ORDER BY "schema_migrations"."version" ASC[0m
  ↳ /Users/tech-a04/.rbenv/versions/2.5.1/bin/rake:23
  [1m[35m (0.3ms)[0m  [1m[34mSELECT "ar_internal_metadata"."value" FROM "ar_internal_metadata" WHERE "ar_internal_metadata"."key" = $1[0m  [["key", "environment"]]
  ↳ /Users/tech-a04/.rbenv/versions/2.5.1/bin/rake:23
  [1m[35m (8259.3ms)[0m  [1m[35mDROP DATABASE IF EXISTS "sparta_rails_mini_project_development"[0m
  ↳ /Users/tech-a04/.rbenv/versions/2.5.1/bin/rake:23
  [1m[35m (1.0ms)[0m  [1m[34mSELECT "schema_migrations"."version" FROM "schema_migrations" ORDER BY "schema_migrations"."version" ASC[0m
  ↳ /Users/tech-a04/.rbenv/versions/2.5.1/bin/rake:23
  [1m[35m (0.3ms)[0m  [1m[34mSELECT pg_try_advisory_lock(3353544976311259905)[0m
  ↳ /Users/tech-a04/.rbenv/versions/2.5.1/bin/rake:23
  [1m[35m (1.0ms)[0m  [1m[34mSELECT "schema_migrations"."version" FROM "schema_migrations" ORDER BY "schema_migrations"."version" ASC[0m
  ↳ /Users/tech-a04/.rbenv/versions/2.5.1/bin/rake:23
Migrating to CreateTeches (20181005132147)
  [1m[35m (0.2ms)[0m  [1m[35mBEGIN[0m
  ↳ /Users/tech-a04/.rbenv/versions/2.5.1/bin/rake:23
  [1m[35m (4.4ms)[0m  [1m[35mCREATE TABLE "teches" ("id" bigserial primary key, "technology" character varying, "date_created" date, "version" integer, "desc" text, "logo" character varying, "user_id" integer, "created_at" timestamp NOT NULL, "updated_at" timestamp NOT NULL)[0m
  ↳ db/migrate/20181005132147_create_teches.rb:3
  [1m[35m (0.2ms)[0m  [1m[31mROLLBACK[0m
  ↳ /Users/tech-a04/.rbenv/versions/2.5.1/bin/rake:23
  [1m[35m (0.4ms)[0m  [1m[34mSELECT pg_advisory_unlock(3353544976311259905)[0m
  ↳ /Users/tech-a04/.rbenv/versions/2.5.1/bin/rake:23
  [1m[35m (0.3ms)[0m  [1m[34mSELECT pg_try_advisory_lock(3353544976311259905)[0m
  ↳ bin/rails:9
  [1m[35m (1.1ms)[0m  [1m[34mSELECT "schema_migrations"."version" FROM "schema_migrations" ORDER BY "schema_migrations"."version" ASC[0m
  ↳ bin/rails:9
Migrating to CreateTeches (20181005132147)
  [1m[35m (0.2ms)[0m  [1m[35mBEGIN[0m
  ↳ bin/rails:9
  [1m[35m (5.5ms)[0m  [1m[35mCREATE TABLE "teches" ("id" bigserial primary key, "technology" character varying, "date_created" date, "version" integer, "desc" text, "logo" character varying, "user_id" integer, "created_at" timestamp NOT NULL, "updated_at" timestamp NOT NULL)[0m
  ↳ db/migrate/20181005132147_create_teches.rb:3
  [1m[35m (0.2ms)[0m  [1m[31mROLLBACK[0m
  ↳ bin/rails:9
  [1m[35m (0.4ms)[0m  [1m[34mSELECT pg_advisory_unlock(3353544976311259905)[0m
  ↳ bin/rails:9
  [1m[35m (0.3ms)[0m  [1m[34mSELECT pg_try_advisory_lock(3353544976311259905)[0m
  ↳ bin/rails:9
  [1m[35m (1.0ms)[0m  [1m[34mSELECT "schema_migrations"."version" FROM "schema_migrations" ORDER BY "schema_migrations"."version" ASC[0m
  ↳ bin/rails:9
Migrating to CreateTeches (20181005132147)
  [1m[35m (0.2ms)[0m  [1m[35mBEGIN[0m
  ↳ bin/rails:9
  [1m[35m (5.4ms)[0m  [1m[35mCREATE TABLE "teches" ("id" bigserial primary key, "technology" character varying, "date_created" date, "version" integer, "desc" text, "logo" character varying, "user_id" integer, "created_at" timestamp NOT NULL, "updated_at" timestamp NOT NULL)[0m
  ↳ db/migrate/20181005132147_create_teches.rb:3
  [1m[35m (0.2ms)[0m  [1m[31mROLLBACK[0m
  ↳ bin/rails:9
  [1m[35m (0.3ms)[0m  [1m[34mSELECT pg_advisory_unlock(3353544976311259905)[0m
  ↳ bin/rails:9
  [1m[35m (1.0ms)[0m  [1m[34mSELECT "schema_migrations"."version" FROM "schema_migrations" ORDER BY "schema_migrations"."version" ASC[0m
  ↳ /Users/tech-a04/.rbenv/versions/2.5.1/bin/rake:23
  [1m[35m (0.5ms)[0m  [1m[34mSELECT "ar_internal_metadata"."value" FROM "ar_internal_metadata" WHERE "ar_internal_metadata"."key" = $1[0m  [["key", "environment"]]
  ↳ /Users/tech-a04/.rbenv/versions/2.5.1/bin/rake:23
  [1m[35m (0.4ms)[0m  [1m[34mSELECT "schema_migrations"."version" FROM "schema_migrations" ORDER BY "schema_migrations"."version" ASC[0m
  ↳ /Users/tech-a04/.rbenv/versions/2.5.1/bin/rake:23
  [1m[35m (0.4ms)[0m  [1m[34mSELECT "ar_internal_metadata"."value" FROM "ar_internal_metadata" WHERE "ar_internal_metadata"."key" = $1[0m  [["key", "environment"]]
  ↳ /Users/tech-a04/.rbenv/versions/2.5.1/bin/rake:23
  [1m[35m (0.4ms)[0m  [1m[34mSELECT "schema_migrations"."version" FROM "schema_migrations" ORDER BY "schema_migrations"."version" ASC[0m
  ↳ /Users/tech-a04/.rbenv/versions/2.5.1/bin/rake:23
  [1m[35m (0.3ms)[0m  [1m[34mSELECT "ar_internal_metadata"."value" FROM "ar_internal_metadata" WHERE "ar_internal_metadata"."key" = $1[0m  [["key", "environment"]]
  ↳ /Users/tech-a04/.rbenv/versions/2.5.1/bin/rake:23
  [1m[35m (203.5ms)[0m  [1m[35mDROP DATABASE IF EXISTS "sparta_rails_mini_project_development"[0m
  ↳ /Users/tech-a04/.rbenv/versions/2.5.1/bin/rake:23
  [1m[35m (210.8ms)[0m  [1m[35mDROP DATABASE IF EXISTS "sparta_rails_mini_project_test"[0m
  ↳ /Users/tech-a04/.rbenv/versions/2.5.1/bin/rake:23
  [1m[35m (759.0ms)[0m  [1m[35mCREATE DATABASE "sparta_rails_mini_project_development" ENCODING = 'unicode'[0m
  ↳ /Users/tech-a04/.rbenv/versions/2.5.1/bin/rake:23
  [1m[35m (884.2ms)[0m  [1m[35mCREATE DATABASE "sparta_rails_mini_project_test" ENCODING = 'unicode'[0m
  ↳ /Users/tech-a04/.rbenv/versions/2.5.1/bin/rake:23
  [1m[35m (16.2ms)[0m  [1m[35mCREATE TABLE "schema_migrations" ("version" character varying NOT NULL PRIMARY KEY)[0m
  ↳ /Users/tech-a04/.rbenv/versions/2.5.1/bin/rake:23
  [1m[35m (12.4ms)[0m  [1m[35mCREATE TABLE "ar_internal_metadata" ("key" character varying NOT NULL PRIMARY KEY, "value" character varying, "created_at" timestamp NOT NULL, "updated_at" timestamp NOT NULL)[0m
  ↳ /Users/tech-a04/.rbenv/versions/2.5.1/bin/rake:23
  [1m[35m (0.5ms)[0m  [1m[34mSELECT pg_try_advisory_lock(3353544976311259905)[0m
  ↳ /Users/tech-a04/.rbenv/versions/2.5.1/bin/rake:23
  [1m[35m (0.8ms)[0m  [1m[34mSELECT "schema_migrations"."version" FROM "schema_migrations" ORDER BY "schema_migrations"."version" ASC[0m
  ↳ /Users/tech-a04/.rbenv/versions/2.5.1/bin/rake:23
Migrating to DeviseCreateUsers (20181005104811)
  [1m[35m (0.2ms)[0m  [1m[35mBEGIN[0m
  ↳ /Users/tech-a04/.rbenv/versions/2.5.1/bin/rake:23
  [1m[35m (11.1ms)[0m  [1m[35mCREATE TABLE "users" ("id" bigserial primary key, "email" character varying DEFAULT '' NOT NULL, "encrypted_password" character varying DEFAULT '' NOT NULL, "reset_password_token" character varying, "reset_password_sent_at" timestamp, "remember_created_at" timestamp, "first_name" character varying, "last_name" character varying, "occupation" character varying, "dob" date, "prof_pic" character varying, "created_at" timestamp NOT NULL, "updated_at" timestamp NOT NULL)[0m
  ↳ db/migrate/20181005104811_devise_create_users.rb:5
  [1m[35m (3.9ms)[0m  [1m[35mCREATE UNIQUE INDEX  "index_users_on_email" ON "users"  ("email")[0m
  ↳ db/migrate/20181005104811_devise_create_users.rb:44
  [1m[35m (2.9ms)[0m  [1m[35mCREATE UNIQUE INDEX  "index_users_on_reset_password_token" ON "users"  ("reset_password_token")[0m
  ↳ db/migrate/20181005104811_devise_create_users.rb:45
  [1m[36mActiveRecord::SchemaMigration Create (3.4ms)[0m  [1m[32mINSERT INTO "schema_migrations" ("version") VALUES ($1) RETURNING "version"[0m  [["version", "20181005104811"]]
  ↳ /Users/tech-a04/.rbenv/versions/2.5.1/bin/rake:23
  [1m[35m (2.8ms)[0m  [1m[35mCOMMIT[0m
  ↳ /Users/tech-a04/.rbenv/versions/2.5.1/bin/rake:23
Migrating to CreateComments (20181005130045)
  [1m[35m (1.6ms)[0m  [1m[35mBEGIN[0m
  ↳ /Users/tech-a04/.rbenv/versions/2.5.1/bin/rake:23
  [1m[35m (9.3ms)[0m  [1m[35mCREATE TABLE "comments" ("id" bigserial primary key, "tech_id" integer, "user_id" integer, "body" text, "created_at" timestamp NOT NULL, "updated_at" timestamp NOT NULL)[0m
  ↳ db/migrate/20181005130045_create_comments.rb:3
  [1m[36mActiveRecord::SchemaMigration Create (0.6ms)[0m  [1m[32mINSERT INTO "schema_migrations" ("version") VALUES ($1) RETURNING "version"[0m  [["version", "20181005130045"]]
  ↳ /Users/tech-a04/.rbenv/versions/2.5.1/bin/rake:23
  [1m[35m (2.3ms)[0m  [1m[35mCOMMIT[0m
  ↳ /Users/tech-a04/.rbenv/versions/2.5.1/bin/rake:23
Migrating to CreateTeches (20181005132147)
  [1m[35m (0.5ms)[0m  [1m[35mBEGIN[0m
  ↳ /Users/tech-a04/.rbenv/versions/2.5.1/bin/rake:23
  [1m[35m (11.3ms)[0m  [1m[35mCREATE TABLE "teches" ("id" bigserial primary key, "technology" character varying, "date_created" date, "version" integer, "desc" text, "logo" character varying, "user_id" integer, "created_at" timestamp NOT NULL, "updated_at" timestamp NOT NULL)[0m
  ↳ db/migrate/20181005132147_create_teches.rb:3
  [1m[36mActiveRecord::SchemaMigration Create (0.4ms)[0m  [1m[32mINSERT INTO "schema_migrations" ("version") VALUES ($1) RETURNING "version"[0m  [["version", "20181005132147"]]
  ↳ /Users/tech-a04/.rbenv/versions/2.5.1/bin/rake:23
  [1m[35m (2.5ms)[0m  [1m[35mCOMMIT[0m
  ↳ /Users/tech-a04/.rbenv/versions/2.5.1/bin/rake:23
  [1m[36mActiveRecord::InternalMetadata Load (0.6ms)[0m  [1m[34mSELECT  "ar_internal_metadata".* FROM "ar_internal_metadata" WHERE "ar_internal_metadata"."key" = $1 LIMIT $2[0m  [["key", "environment"], ["LIMIT", 1]]
  ↳ /Users/tech-a04/.rbenv/versions/2.5.1/bin/rake:23
  [1m[35m (0.2ms)[0m  [1m[35mBEGIN[0m
  ↳ /Users/tech-a04/.rbenv/versions/2.5.1/bin/rake:23
  [1m[36mActiveRecord::InternalMetadata Create (1.2ms)[0m  [1m[32mINSERT INTO "ar_internal_metadata" ("key", "value", "created_at", "updated_at") VALUES ($1, $2, $3, $4) RETURNING "key"[0m  [["key", "environment"], ["value", "development"], ["created_at", "2018-10-05 13:53:28.219550"], ["updated_at", "2018-10-05 13:53:28.219550"]]
  ↳ /Users/tech-a04/.rbenv/versions/2.5.1/bin/rake:23
  [1m[35m (5.1ms)[0m  [1m[35mCOMMIT[0m
  ↳ /Users/tech-a04/.rbenv/versions/2.5.1/bin/rake:23
  [1m[35m (0.4ms)[0m  [1m[34mSELECT pg_advisory_unlock(3353544976311259905)[0m
  ↳ /Users/tech-a04/.rbenv/versions/2.5.1/bin/rake:23
  [1m[35m (4.8ms)[0m  [1m[34mSELECT "schema_migrations"."version" FROM "schema_migrations" ORDER BY "schema_migrations"."version" ASC[0m
  ↳ /Users/tech-a04/.rbenv/versions/2.5.1/bin/rake:23
Started GET "/teches" for 127.0.0.1 at 2018-10-05 14:53:37 +0100
  [1m[35m (1.0ms)[0m  [1m[34mSELECT "schema_migrations"."version" FROM "schema_migrations" ORDER BY "schema_migrations"."version" ASC[0m
  ↳ /Users/tech-a04/.rbenv/versions/2.5.1/lib/ruby/gems/2.5.0/gems/activerecord-5.2.1/lib/active_record/log_subscriber.rb:98
Processing by TechesController#index as HTML
  Rendering teches/index.html.erb within layouts/application
  [1m[36mTech Load (1.0ms)[0m  [1m[34mSELECT "teches".* FROM "teches"[0m
  ↳ app/views/teches/index.html.erb:19
  Rendered teches/index.html.erb within layouts/application (9.7ms)
  Rendered partials/_nav.html.erb (7.0ms)
Completed 200 OK in 81ms (Views: 54.0ms | ActiveRecord: 7.0ms)


  [1m[35m (1.2ms)[0m  [1m[34mSELECT "schema_migrations"."version" FROM "schema_migrations" ORDER BY "schema_migrations"."version" ASC[0m
  ↳ /Users/tech-a04/.rbenv/versions/2.5.1/bin/rake:23
  [1m[35m (1.1ms)[0m  [1m[34mSELECT "schema_migrations"."version" FROM "schema_migrations" ORDER BY "schema_migrations"."version" ASC[0m
  ↳ /Users/tech-a04/.rbenv/versions/2.5.1/bin/rake:23
  [1m[35m (1.0ms)[0m  [1m[34mSELECT "schema_migrations"."version" FROM "schema_migrations" ORDER BY "schema_migrations"."version" ASC[0m
  ↳ /Users/tech-a04/.rbenv/versions/2.5.1/bin/rake:23
  [1m[35m (1.0ms)[0m  [1m[34mSELECT "schema_migrations"."version" FROM "schema_migrations" ORDER BY "schema_migrations"."version" ASC[0m
  ↳ /Users/tech-a04/.rbenv/versions/2.5.1/bin/rake:23
  [1m[35m (1.0ms)[0m  [1m[34mSELECT "schema_migrations"."version" FROM "schema_migrations" ORDER BY "schema_migrations"."version" ASC[0m
  ↳ /Users/tech-a04/.rbenv/versions/2.5.1/bin/rake:23
  [1m[35m (1.0ms)[0m  [1m[34mSELECT "schema_migrations"."version" FROM "schema_migrations" ORDER BY "schema_migrations"."version" ASC[0m
  ↳ /Users/tech-a04/.rbenv/versions/2.5.1/bin/rake:23
  [1m[35m (0.6ms)[0m  [1m[34mSELECT "ar_internal_metadata"."value" FROM "ar_internal_metadata" WHERE "ar_internal_metadata"."key" = $1[0m  [["key", "environment"]]
  ↳ /Users/tech-a04/.rbenv/versions/2.5.1/bin/rake:23
  [1m[35m (0.4ms)[0m  [1m[34mSELECT "schema_migrations"."version" FROM "schema_migrations" ORDER BY "schema_migrations"."version" ASC[0m
  ↳ /Users/tech-a04/.rbenv/versions/2.5.1/bin/rake:23
  [1m[35m (0.3ms)[0m  [1m[34mSELECT "ar_internal_metadata"."value" FROM "ar_internal_metadata" WHERE "ar_internal_metadata"."key" = $1[0m  [["key", "environment"]]
  ↳ /Users/tech-a04/.rbenv/versions/2.5.1/bin/rake:23
  [1m[35m (0.3ms)[0m  [1m[34mSELECT "schema_migrations"."version" FROM "schema_migrations" ORDER BY "schema_migrations"."version" ASC[0m
  ↳ /Users/tech-a04/.rbenv/versions/2.5.1/bin/rake:23
  [1m[35m (0.3ms)[0m  [1m[34mSELECT "ar_internal_metadata"."value" FROM "ar_internal_metadata" WHERE "ar_internal_metadata"."key" = $1[0m  [["key", "environment"]]
  ↳ /Users/tech-a04/.rbenv/versions/2.5.1/bin/rake:23
  [1m[35m (212.5ms)[0m  [1m[35mDROP DATABASE IF EXISTS "sparta_rails_mini_project_development"[0m
  ↳ /Users/tech-a04/.rbenv/versions/2.5.1/bin/rake:23
  [1m[35m (200.0ms)[0m  [1m[35mDROP DATABASE IF EXISTS "sparta_rails_mini_project_test"[0m
  ↳ /Users/tech-a04/.rbenv/versions/2.5.1/bin/rake:23
  [1m[35m (734.0ms)[0m  [1m[35mCREATE DATABASE "sparta_rails_mini_project_development" ENCODING = 'unicode'[0m
  ↳ /Users/tech-a04/.rbenv/versions/2.5.1/bin/rake:23
  [1m[35m (580.2ms)[0m  [1m[35mCREATE DATABASE "sparta_rails_mini_project_test" ENCODING = 'unicode'[0m
  ↳ /Users/tech-a04/.rbenv/versions/2.5.1/bin/rake:23
  [1m[35m (20.1ms)[0m  [1m[35mCREATE TABLE "schema_migrations" ("version" character varying NOT NULL PRIMARY KEY)[0m
  ↳ /Users/tech-a04/.rbenv/versions/2.5.1/bin/rake:23
  [1m[35m (10.3ms)[0m  [1m[35mCREATE TABLE "ar_internal_metadata" ("key" character varying NOT NULL PRIMARY KEY, "value" character varying, "created_at" timestamp NOT NULL, "updated_at" timestamp NOT NULL)[0m
  ↳ /Users/tech-a04/.rbenv/versions/2.5.1/bin/rake:23
  [1m[35m (0.4ms)[0m  [1m[34mSELECT pg_try_advisory_lock(3353544976311259905)[0m
  ↳ /Users/tech-a04/.rbenv/versions/2.5.1/bin/rake:23
  [1m[35m (1.2ms)[0m  [1m[34mSELECT "schema_migrations"."version" FROM "schema_migrations" ORDER BY "schema_migrations"."version" ASC[0m
  ↳ /Users/tech-a04/.rbenv/versions/2.5.1/bin/rake:23
Migrating to DeviseCreateUsers (20181005104811)
  [1m[35m (0.3ms)[0m  [1m[35mBEGIN[0m
  ↳ /Users/tech-a04/.rbenv/versions/2.5.1/bin/rake:23
  [1m[35m (23.4ms)[0m  [1m[35mCREATE TABLE "users" ("id" bigserial primary key, "email" character varying DEFAULT '' NOT NULL, "encrypted_password" character varying DEFAULT '' NOT NULL, "reset_password_token" character varying, "reset_password_sent_at" timestamp, "remember_created_at" timestamp, "first_name" character varying, "last_name" character varying, "occupation" character varying, "dob" date, "prof_pic" character varying, "created_at" timestamp NOT NULL, "updated_at" timestamp NOT NULL)[0m
  ↳ db/migrate/20181005104811_devise_create_users.rb:5
  [1m[35m (3.5ms)[0m  [1m[35mCREATE UNIQUE INDEX  "index_users_on_email" ON "users"  ("email")[0m
  ↳ db/migrate/20181005104811_devise_create_users.rb:44
  [1m[35m (3.6ms)[0m  [1m[35mCREATE UNIQUE INDEX  "index_users_on_reset_password_token" ON "users"  ("reset_password_token")[0m
  ↳ db/migrate/20181005104811_devise_create_users.rb:45
  [1m[36mActiveRecord::SchemaMigration Create (1.4ms)[0m  [1m[32mINSERT INTO "schema_migrations" ("version") VALUES ($1) RETURNING "version"[0m  [["version", "20181005104811"]]
  ↳ /Users/tech-a04/.rbenv/versions/2.5.1/bin/rake:23
  [1m[35m (4.4ms)[0m  [1m[35mCOMMIT[0m
  ↳ /Users/tech-a04/.rbenv/versions/2.5.1/bin/rake:23
Migrating to CreateComments (20181005130045)
  [1m[35m (0.6ms)[0m  [1m[35mBEGIN[0m
  ↳ /Users/tech-a04/.rbenv/versions/2.5.1/bin/rake:23
  [1m[35m (15.9ms)[0m  [1m[35mCREATE TABLE "comments" ("id" bigserial primary key, "tech_id" integer, "user_id" integer, "body" text, "created_at" timestamp NOT NULL, "updated_at" timestamp NOT NULL)[0m
  ↳ db/migrate/20181005130045_create_comments.rb:3
  [1m[36mActiveRecord::SchemaMigration Create (0.6ms)[0m  [1m[32mINSERT INTO "schema_migrations" ("version") VALUES ($1) RETURNING "version"[0m  [["version", "20181005130045"]]
  ↳ /Users/tech-a04/.rbenv/versions/2.5.1/bin/rake:23
  [1m[35m (2.5ms)[0m  [1m[35mCOMMIT[0m
  ↳ /Users/tech-a04/.rbenv/versions/2.5.1/bin/rake:23
Migrating to CreateTeches (20181005132147)
  [1m[35m (0.7ms)[0m  [1m[35mBEGIN[0m
  ↳ /Users/tech-a04/.rbenv/versions/2.5.1/bin/rake:23
  [1m[35m (14.2ms)[0m  [1m[35mCREATE TABLE "teches" ("id" bigserial primary key, "technology" character varying, "date_created" date, "version" integer, "desc" text, "logo" character varying, "user_id" integer, "created_at" timestamp NOT NULL, "updated_at" timestamp NOT NULL)[0m
  ↳ db/migrate/20181005132147_create_teches.rb:3
  [1m[36mActiveRecord::SchemaMigration Create (1.1ms)[0m  [1m[32mINSERT INTO "schema_migrations" ("version") VALUES ($1) RETURNING "version"[0m  [["version", "20181005132147"]]
  ↳ /Users/tech-a04/.rbenv/versions/2.5.1/bin/rake:23
  [1m[35m (2.6ms)[0m  [1m[35mCOMMIT[0m
  ↳ /Users/tech-a04/.rbenv/versions/2.5.1/bin/rake:23
  [1m[36mActiveRecord::InternalMetadata Load (1.0ms)[0m  [1m[34mSELECT  "ar_internal_metadata".* FROM "ar_internal_metadata" WHERE "ar_internal_metadata"."key" = $1 LIMIT $2[0m  [["key", "environment"], ["LIMIT", 1]]
  ↳ /Users/tech-a04/.rbenv/versions/2.5.1/bin/rake:23
  [1m[35m (0.5ms)[0m  [1m[35mBEGIN[0m
  ↳ /Users/tech-a04/.rbenv/versions/2.5.1/bin/rake:23
  [1m[36mActiveRecord::InternalMetadata Create (1.2ms)[0m  [1m[32mINSERT INTO "ar_internal_metadata" ("key", "value", "created_at", "updated_at") VALUES ($1, $2, $3, $4) RETURNING "key"[0m  [["key", "environment"], ["value", "development"], ["created_at", "2018-10-05 14:00:34.553070"], ["updated_at", "2018-10-05 14:00:34.553070"]]
  ↳ /Users/tech-a04/.rbenv/versions/2.5.1/bin/rake:23
  [1m[35m (3.5ms)[0m  [1m[35mCOMMIT[0m
  ↳ /Users/tech-a04/.rbenv/versions/2.5.1/bin/rake:23
  [1m[35m (0.6ms)[0m  [1m[34mSELECT pg_advisory_unlock(3353544976311259905)[0m
  ↳ /Users/tech-a04/.rbenv/versions/2.5.1/bin/rake:23
  [1m[35m (0.7ms)[0m  [1m[34mSELECT "schema_migrations"."version" FROM "schema_migrations" ORDER BY "schema_migrations"."version" ASC[0m
  ↳ /Users/tech-a04/.rbenv/versions/2.5.1/bin/rake:23
  [1m[35m (0.4ms)[0m  [1m[34mSELECT "schema_migrations"."version" FROM "schema_migrations" ORDER BY "schema_migrations"."version" ASC[0m
  ↳ /Users/tech-a04/.rbenv/versions/2.5.1/bin/rake:23
  [1m[35m (0.3ms)[0m  [1m[35mBEGIN[0m
  ↳ db/seeds.rb:4
  [1m[36mUser Exists (0.8ms)[0m  [1m[34mSELECT  1 AS one FROM "users" WHERE "users"."email" = $1 LIMIT $2[0m  [["email", "test@test.com"], ["LIMIT", 1]]
  ↳ db/seeds.rb:4
  [1m[36mUser Create (0.9ms)[0m  [1m[32mINSERT INTO "users" ("email", "encrypted_password", "created_at", "updated_at") VALUES ($1, $2, $3, $4) RETURNING "id"[0m  [["email", "test@test.com"], ["encrypted_password", "$2a$11$1y889FHOG/NDJ1AotbBmQ.IegwvvSj5eeq47iLXNurA1gtD/WQVta"], ["created_at", "2018-10-05 14:00:34.874735"], ["updated_at", "2018-10-05 14:00:34.874735"]]
  ↳ db/seeds.rb:4
  [1m[35m (4.8ms)[0m  [1m[35mCOMMIT[0m
  ↳ db/seeds.rb:4
  [1m[35m (1.2ms)[0m  [1m[34mSELECT "schema_migrations"."version" FROM "schema_migrations" ORDER BY "schema_migrations"."version" ASC[0m
  ↳ /Users/tech-a04/.rbenv/versions/2.5.1/bin/rake:23
  [1m[35m (0.3ms)[0m  [1m[35mBEGIN[0m
  ↳ db/seeds.rb:4
  [1m[36mUser Exists (1.2ms)[0m  [1m[34mSELECT  1 AS one FROM "users" WHERE "users"."email" = $1 LIMIT $2[0m  [["email", "test@test.com"], ["LIMIT", 1]]
  ↳ db/seeds.rb:4
  [1m[35m (0.4ms)[0m  [1m[31mROLLBACK[0m
  ↳ db/seeds.rb:4
  [1m[36mUser Load (0.7ms)[0m  [1m[34mSELECT  "users".* FROM "users" LIMIT $1[0m  [["LIMIT", 11]]
  [1m[36mTech Load (1.0ms)[0m  [1m[34mSELECT  "teches".* FROM "teches" LIMIT $1[0m  [["LIMIT", 11]]
Started GET "/users/sign_up" for 127.0.0.1 at 2018-10-05 15:51:10 +0100
Processing by Devise::RegistrationsController#new as HTML
  Rendering devise/registrations/new.html.erb within layouts/application
  Rendered devise/shared/_links.html.erb (1.0ms)
  Rendered devise/registrations/new.html.erb within layouts/application (36.6ms)
  Rendered partials/_nav.html.erb (1.1ms)
Completed 200 OK in 117ms (Views: 86.5ms | ActiveRecord: 10.8ms)


Started GET "/users/sign_in" for 127.0.0.1 at 2018-10-05 15:51:13 +0100
Processing by Devise::SessionsController#new as HTML
  Rendering devise/sessions/new.html.erb within layouts/application
  Rendered devise/shared/_links.html.erb (2.6ms)
  Rendered devise/sessions/new.html.erb within layouts/application (23.0ms)
  Rendered partials/_nav.html.erb (1.0ms)
Completed 200 OK in 85ms (Views: 82.0ms | ActiveRecord: 0.0ms)


Started POST "/users/sign_in" for 127.0.0.1 at 2018-10-05 15:51:23 +0100
Processing by Devise::SessionsController#create as HTML
  Parameters: {"utf8"=>"✓", "authenticity_token"=>"NspfOm8YEraI+FlhL8Rd3avYwn/vH8G/0+q7cOrwnXPG+szT+DgdTK+Due4ZxcmFCMjStsSd8pSKuf6mKaJbjQ==", "user"=>{"email"=>"test@test.com", "password"=>"[FILTERED]", "remember_me"=>"0"}, "commit"=>"Log in"}
  [1m[36mUser Load (2.9ms)[0m  [1m[34mSELECT  "users".* FROM "users" WHERE "users"."email" = $1 ORDER BY "users"."id" ASC LIMIT $2[0m  [["email", "test@test.com"], ["LIMIT", 1]]
  ↳ /Users/tech-a04/.rbenv/versions/2.5.1/lib/ruby/gems/2.5.0/gems/activerecord-5.2.1/lib/active_record/log_subscriber.rb:98
Redirected to http://localhost:3000/
Completed 302 Found in 184ms (ActiveRecord: 2.9ms)


Started GET "/" for 127.0.0.1 at 2018-10-05 15:51:23 +0100
Processing by StaticController#landing as HTML
  Rendering static/landing.html.erb within layouts/application
  Rendered static/landing.html.erb within layouts/application (0.5ms)
  [1m[36mUser Load (0.6ms)[0m  [1m[34mSELECT  "users".* FROM "users" WHERE "users"."id" = $1 ORDER BY "users"."id" ASC LIMIT $2[0m  [["id", 1], ["LIMIT", 1]]
  ↳ app/views/partials/_nav.html.erb:9
  Rendered partials/_nav.html.erb (3.2ms)
Completed 200 OK in 46ms (Views: 41.6ms | ActiveRecord: 0.6ms)


Started GET "/teches" for 127.0.0.1 at 2018-10-05 15:51:28 +0100
Processing by TechesController#index as HTML
  Rendering teches/index.html.erb within layouts/application
  [1m[36mTech Load (0.9ms)[0m  [1m[34mSELECT "teches".* FROM "teches"[0m
  ↳ app/views/teches/index.html.erb:19
  Rendered teches/index.html.erb within layouts/application (7.2ms)
  [1m[36mUser Load (0.6ms)[0m  [1m[34mSELECT  "users".* FROM "users" WHERE "users"."id" = $1 ORDER BY "users"."id" ASC LIMIT $2[0m  [["id", 1], ["LIMIT", 1]]
  ↳ app/views/partials/_nav.html.erb:9
  Rendered partials/_nav.html.erb (3.0ms)
Completed 200 OK in 65ms (Views: 48.8ms | ActiveRecord: 4.6ms)


  [1m[35m (1.1ms)[0m  [1m[34mSELECT "schema_migrations"."version" FROM "schema_migrations" ORDER BY "schema_migrations"."version" ASC[0m
  ↳ /Users/tech-a04/.rbenv/versions/2.5.1/bin/rake:23
  [1m[35m (0.5ms)[0m  [1m[34mSELECT "ar_internal_metadata"."value" FROM "ar_internal_metadata" WHERE "ar_internal_metadata"."key" = $1[0m  [["key", "environment"]]
  ↳ /Users/tech-a04/.rbenv/versions/2.5.1/bin/rake:23
  [1m[35m (0.3ms)[0m  [1m[34mSELECT "schema_migrations"."version" FROM "schema_migrations" ORDER BY "schema_migrations"."version" ASC[0m
  ↳ /Users/tech-a04/.rbenv/versions/2.5.1/bin/rake:23
  [1m[35m (0.3ms)[0m  [1m[34mSELECT "ar_internal_metadata"."value" FROM "ar_internal_metadata" WHERE "ar_internal_metadata"."key" = $1[0m  [["key", "environment"]]
  ↳ /Users/tech-a04/.rbenv/versions/2.5.1/bin/rake:23
  [1m[35m (0.3ms)[0m  [1m[34mSELECT "schema_migrations"."version" FROM "schema_migrations" ORDER BY "schema_migrations"."version" ASC[0m
  ↳ /Users/tech-a04/.rbenv/versions/2.5.1/bin/rake:23
  [1m[35m (0.2ms)[0m  [1m[34mSELECT "ar_internal_metadata"."value" FROM "ar_internal_metadata" WHERE "ar_internal_metadata"."key" = $1[0m  [["key", "environment"]]
  ↳ /Users/tech-a04/.rbenv/versions/2.5.1/bin/rake:23
  [1m[35m (8457.8ms)[0m  [1m[35mDROP DATABASE IF EXISTS "sparta_rails_mini_project_development"[0m
  ↳ /Users/tech-a04/.rbenv/versions/2.5.1/bin/rake:23
  [1m[35m (1.0ms)[0m  [1m[34mSELECT "schema_migrations"."version" FROM "schema_migrations" ORDER BY "schema_migrations"."version" ASC[0m
  ↳ /Users/tech-a04/.rbenv/versions/2.5.1/bin/rake:23
  [1m[35m (0.6ms)[0m  [1m[34mSELECT "ar_internal_metadata"."value" FROM "ar_internal_metadata" WHERE "ar_internal_metadata"."key" = $1[0m  [["key", "environment"]]
  ↳ /Users/tech-a04/.rbenv/versions/2.5.1/bin/rake:23
  [1m[35m (0.4ms)[0m  [1m[34mSELECT "schema_migrations"."version" FROM "schema_migrations" ORDER BY "schema_migrations"."version" ASC[0m
  ↳ /Users/tech-a04/.rbenv/versions/2.5.1/bin/rake:23
  [1m[35m (0.3ms)[0m  [1m[34mSELECT "ar_internal_metadata"."value" FROM "ar_internal_metadata" WHERE "ar_internal_metadata"."key" = $1[0m  [["key", "environment"]]
  ↳ /Users/tech-a04/.rbenv/versions/2.5.1/bin/rake:23
  [1m[35m (0.3ms)[0m  [1m[34mSELECT "schema_migrations"."version" FROM "schema_migrations" ORDER BY "schema_migrations"."version" ASC[0m
  ↳ /Users/tech-a04/.rbenv/versions/2.5.1/bin/rake:23
  [1m[35m (0.4ms)[0m  [1m[34mSELECT "ar_internal_metadata"."value" FROM "ar_internal_metadata" WHERE "ar_internal_metadata"."key" = $1[0m  [["key", "environment"]]
  ↳ /Users/tech-a04/.rbenv/versions/2.5.1/bin/rake:23
  [1m[35m (194.1ms)[0m  [1m[35mDROP DATABASE IF EXISTS "sparta_rails_mini_project_development"[0m
  ↳ /Users/tech-a04/.rbenv/versions/2.5.1/bin/rake:23
  [1m[35m (215.6ms)[0m  [1m[35mDROP DATABASE IF EXISTS "sparta_rails_mini_project_test"[0m
  ↳ /Users/tech-a04/.rbenv/versions/2.5.1/bin/rake:23
  [1m[35m (798.1ms)[0m  [1m[35mCREATE DATABASE "sparta_rails_mini_project_development" ENCODING = 'unicode'[0m
  ↳ /Users/tech-a04/.rbenv/versions/2.5.1/bin/rake:23
  [1m[35m (775.8ms)[0m  [1m[35mCREATE DATABASE "sparta_rails_mini_project_test" ENCODING = 'unicode'[0m
  ↳ /Users/tech-a04/.rbenv/versions/2.5.1/bin/rake:23
  [1m[35m (16.3ms)[0m  [1m[35mCREATE TABLE "schema_migrations" ("version" character varying NOT NULL PRIMARY KEY)[0m
  ↳ /Users/tech-a04/.rbenv/versions/2.5.1/bin/rake:23
  [1m[35m (11.0ms)[0m  [1m[35mCREATE TABLE "ar_internal_metadata" ("key" character varying NOT NULL PRIMARY KEY, "value" character varying, "created_at" timestamp NOT NULL, "updated_at" timestamp NOT NULL)[0m
  ↳ /Users/tech-a04/.rbenv/versions/2.5.1/bin/rake:23
  [1m[35m (0.3ms)[0m  [1m[34mSELECT pg_try_advisory_lock(3353544976311259905)[0m
  ↳ /Users/tech-a04/.rbenv/versions/2.5.1/bin/rake:23
  [1m[35m (0.9ms)[0m  [1m[34mSELECT "schema_migrations"."version" FROM "schema_migrations" ORDER BY "schema_migrations"."version" ASC[0m
  ↳ /Users/tech-a04/.rbenv/versions/2.5.1/bin/rake:23
Migrating to DeviseCreateUsers (20181005104811)
  [1m[35m (0.3ms)[0m  [1m[35mBEGIN[0m
  ↳ /Users/tech-a04/.rbenv/versions/2.5.1/bin/rake:23
  [1m[35m (14.6ms)[0m  [1m[35mCREATE TABLE "users" ("id" bigserial primary key, "email" character varying DEFAULT '' NOT NULL, "encrypted_password" character varying DEFAULT '' NOT NULL, "reset_password_token" character varying, "reset_password_sent_at" timestamp, "remember_created_at" timestamp, "first_name" character varying, "last_name" character varying, "occupation" character varying, "dob" date, "prof_pic" character varying, "created_at" timestamp NOT NULL, "updated_at" timestamp NOT NULL)[0m
  ↳ db/migrate/20181005104811_devise_create_users.rb:5
  [1m[35m (3.5ms)[0m  [1m[35mCREATE UNIQUE INDEX  "index_users_on_email" ON "users"  ("email")[0m
  ↳ db/migrate/20181005104811_devise_create_users.rb:44
  [1m[35m (7.0ms)[0m  [1m[35mCREATE UNIQUE INDEX  "index_users_on_reset_password_token" ON "users"  ("reset_password_token")[0m
  ↳ db/migrate/20181005104811_devise_create_users.rb:45
  [1m[36mActiveRecord::SchemaMigration Create (1.8ms)[0m  [1m[32mINSERT INTO "schema_migrations" ("version") VALUES ($1) RETURNING "version"[0m  [["version", "20181005104811"]]
  ↳ /Users/tech-a04/.rbenv/versions/2.5.1/bin/rake:23
  [1m[35m (2.5ms)[0m  [1m[35mCOMMIT[0m
  ↳ /Users/tech-a04/.rbenv/versions/2.5.1/bin/rake:23
Migrating to CreateComments (20181005130045)
  [1m[35m (1.1ms)[0m  [1m[35mBEGIN[0m
  ↳ /Users/tech-a04/.rbenv/versions/2.5.1/bin/rake:23
  [1m[35m (13.6ms)[0m  [1m[35mCREATE TABLE "comments" ("id" bigserial primary key, "tech_id" integer, "user_id" integer, "body" text, "created_at" timestamp NOT NULL, "updated_at" timestamp NOT NULL)[0m
  ↳ db/migrate/20181005130045_create_comments.rb:3
  [1m[36mActiveRecord::SchemaMigration Create (0.6ms)[0m  [1m[32mINSERT INTO "schema_migrations" ("version") VALUES ($1) RETURNING "version"[0m  [["version", "20181005130045"]]
  ↳ /Users/tech-a04/.rbenv/versions/2.5.1/bin/rake:23
  [1m[35m (2.5ms)[0m  [1m[35mCOMMIT[0m
  ↳ /Users/tech-a04/.rbenv/versions/2.5.1/bin/rake:23
Migrating to CreateTeches (20181005132147)
  [1m[35m (0.8ms)[0m  [1m[35mBEGIN[0m
  ↳ /Users/tech-a04/.rbenv/versions/2.5.1/bin/rake:23
  [1m[35m (13.2ms)[0m  [1m[35mCREATE TABLE "teches" ("id" bigserial primary key, "technology" character varying, "date_created" date, "version" integer, "desc" text, "logo" character varying, "user_id" integer, "created_at" timestamp NOT NULL, "updated_at" timestamp NOT NULL)[0m
  ↳ db/migrate/20181005132147_create_teches.rb:3
  [1m[36mActiveRecord::SchemaMigration Create (1.1ms)[0m  [1m[32mINSERT INTO "schema_migrations" ("version") VALUES ($1) RETURNING "version"[0m  [["version", "20181005132147"]]
  ↳ /Users/tech-a04/.rbenv/versions/2.5.1/bin/rake:23
  [1m[35m (2.4ms)[0m  [1m[35mCOMMIT[0m
  ↳ /Users/tech-a04/.rbenv/versions/2.5.1/bin/rake:23
  [1m[36mActiveRecord::InternalMetadata Load (0.8ms)[0m  [1m[34mSELECT  "ar_internal_metadata".* FROM "ar_internal_metadata" WHERE "ar_internal_metadata"."key" = $1 LIMIT $2[0m  [["key", "environment"], ["LIMIT", 1]]
  ↳ /Users/tech-a04/.rbenv/versions/2.5.1/bin/rake:23
  [1m[35m (0.3ms)[0m  [1m[35mBEGIN[0m
  ↳ /Users/tech-a04/.rbenv/versions/2.5.1/bin/rake:23
  [1m[36mActiveRecord::InternalMetadata Create (1.9ms)[0m  [1m[32mINSERT INTO "ar_internal_metadata" ("key", "value", "created_at", "updated_at") VALUES ($1, $2, $3, $4) RETURNING "key"[0m  [["key", "environment"], ["value", "development"], ["created_at", "2018-10-05 14:53:25.138598"], ["updated_at", "2018-10-05 14:53:25.138598"]]
  ↳ /Users/tech-a04/.rbenv/versions/2.5.1/bin/rake:23
  [1m[35m (2.7ms)[0m  [1m[35mCOMMIT[0m
  ↳ /Users/tech-a04/.rbenv/versions/2.5.1/bin/rake:23
  [1m[35m (0.9ms)[0m  [1m[34mSELECT pg_advisory_unlock(3353544976311259905)[0m
  ↳ /Users/tech-a04/.rbenv/versions/2.5.1/bin/rake:23
  [1m[35m (0.8ms)[0m  [1m[34mSELECT "schema_migrations"."version" FROM "schema_migrations" ORDER BY "schema_migrations"."version" ASC[0m
  ↳ /Users/tech-a04/.rbenv/versions/2.5.1/bin/rake:23
  [1m[35m (0.4ms)[0m  [1m[34mSELECT "schema_migrations"."version" FROM "schema_migrations" ORDER BY "schema_migrations"."version" ASC[0m
  ↳ /Users/tech-a04/.rbenv/versions/2.5.1/bin/rake:23
  [1m[35m (0.7ms)[0m  [1m[35mBEGIN[0m
  ↳ db/seeds.rb:4
  [1m[36mUser Exists (1.2ms)[0m  [1m[34mSELECT  1 AS one FROM "users" WHERE "users"."email" = $1 LIMIT $2[0m  [["email", "test@test.com"], ["LIMIT", 1]]
  ↳ db/seeds.rb:4
  [1m[36mUser Create (1.3ms)[0m  [1m[32mINSERT INTO "users" ("email", "encrypted_password", "created_at", "updated_at") VALUES ($1, $2, $3, $4) RETURNING "id"[0m  [["email", "test@test.com"], ["encrypted_password", "$2a$11$KPpaLvg5wL5OByrE/PA8QOrUAQQ.y6pKP1KIahoE.Jyxa2qLajoCC"], ["created_at", "2018-10-05 14:53:25.425484"], ["updated_at", "2018-10-05 14:53:25.425484"]]
  ↳ db/seeds.rb:4
  [1m[35m (2.0ms)[0m  [1m[35mCOMMIT[0m
  ↳ db/seeds.rb:4
  [1m[35m (0.2ms)[0m  [1m[35mBEGIN[0m
  ↳ db/seeds.rb:6
  [1m[35m (0.3ms)[0m  [1m[31mROLLBACK[0m
  ↳ db/seeds.rb:6
  [1m[35m (0.1ms)[0m  [1m[35mBEGIN[0m
  ↳ db/seeds.rb:6
  [1m[35m (0.3ms)[0m  [1m[31mROLLBACK[0m
  ↳ db/seeds.rb:6
  [1m[35m (0.2ms)[0m  [1m[35mBEGIN[0m
  ↳ db/seeds.rb:6
  [1m[35m (0.1ms)[0m  [1m[31mROLLBACK[0m
  ↳ db/seeds.rb:6
  [1m[35m (0.1ms)[0m  [1m[35mBEGIN[0m
  ↳ db/seeds.rb:6
  [1m[35m (0.1ms)[0m  [1m[31mROLLBACK[0m
  ↳ db/seeds.rb:6
  [1m[35m (0.2ms)[0m  [1m[35mBEGIN[0m
  ↳ db/seeds.rb:6
  [1m[35m (0.3ms)[0m  [1m[31mROLLBACK[0m
  ↳ db/seeds.rb:6
Started GET "/teches" for 127.0.0.1 at 2018-10-05 15:53:43 +0100
  [1m[35m (1.0ms)[0m  [1m[34mSELECT "schema_migrations"."version" FROM "schema_migrations" ORDER BY "schema_migrations"."version" ASC[0m
  ↳ /Users/tech-a04/.rbenv/versions/2.5.1/lib/ruby/gems/2.5.0/gems/activerecord-5.2.1/lib/active_record/log_subscriber.rb:98
Processing by TechesController#index as HTML
  Rendering teches/index.html.erb within layouts/application
  [1m[36mTech Load (0.9ms)[0m  [1m[34mSELECT "teches".* FROM "teches"[0m
  ↳ app/views/teches/index.html.erb:19
  Rendered teches/index.html.erb within layouts/application (8.8ms)
  [1m[36mUser Load (2.3ms)[0m  [1m[34mSELECT  "users".* FROM "users" WHERE "users"."id" = $1 ORDER BY "users"."id" ASC LIMIT $2[0m  [["id", 1], ["LIMIT", 1]]
  ↳ app/views/partials/_nav.html.erb:9
  Rendered partials/_nav.html.erb (55.4ms)
Completed 200 OK in 458ms (Views: 416.9ms | ActiveRecord: 20.5ms)


  [1m[36mTech Load (0.6ms)[0m  [1m[34mSELECT  "teches".* FROM "teches" LIMIT $1[0m  [["LIMIT", 11]]
  [1m[35m (1.0ms)[0m  [1m[34mSELECT "schema_migrations"."version" FROM "schema_migrations" ORDER BY "schema_migrations"."version" ASC[0m
  ↳ /Users/tech-a04/.rbenv/versions/2.5.1/bin/rake:23
  [1m[35m (0.2ms)[0m  [1m[35mBEGIN[0m
  ↳ db/seeds.rb:4
  [1m[36mUser Exists (1.1ms)[0m  [1m[34mSELECT  1 AS one FROM "users" WHERE "users"."email" = $1 LIMIT $2[0m  [["email", "test@test.com"], ["LIMIT", 1]]
  ↳ db/seeds.rb:4
  [1m[35m (0.3ms)[0m  [1m[31mROLLBACK[0m
  ↳ db/seeds.rb:4
  [1m[35m (0.2ms)[0m  [1m[35mBEGIN[0m
  ↳ db/seeds.rb:6
  [1m[35m (0.2ms)[0m  [1m[31mROLLBACK[0m
  ↳ db/seeds.rb:6
  [1m[35m (0.2ms)[0m  [1m[35mBEGIN[0m
  ↳ db/seeds.rb:6
  [1m[35m (0.2ms)[0m  [1m[31mROLLBACK[0m
  ↳ db/seeds.rb:6
  [1m[35m (0.2ms)[0m  [1m[35mBEGIN[0m
  ↳ db/seeds.rb:6
  [1m[35m (0.2ms)[0m  [1m[31mROLLBACK[0m
  ↳ db/seeds.rb:6
  [1m[35m (0.2ms)[0m  [1m[35mBEGIN[0m
  ↳ db/seeds.rb:6
  [1m[35m (0.2ms)[0m  [1m[31mROLLBACK[0m
  ↳ db/seeds.rb:6
  [1m[35m (0.2ms)[0m  [1m[35mBEGIN[0m
  ↳ db/seeds.rb:6
  [1m[35m (0.2ms)[0m  [1m[31mROLLBACK[0m
  ↳ db/seeds.rb:6
  [1m[36mTech Load (1.0ms)[0m  [1m[34mSELECT  "teches".* FROM "teches" LIMIT $1[0m  [["LIMIT", 11]]
  [1m[35m (1.0ms)[0m  [1m[34mSELECT "schema_migrations"."version" FROM "schema_migrations" ORDER BY "schema_migrations"."version" ASC[0m
  ↳ /Users/tech-a04/.rbenv/versions/2.5.1/bin/rake:23
  [1m[35m (0.3ms)[0m  [1m[35mBEGIN[0m
  ↳ db/seeds.rb:4
  [1m[36mUser Exists (1.1ms)[0m  [1m[34mSELECT  1 AS one FROM "users" WHERE "users"."email" = $1 LIMIT $2[0m  [["email", "test@test.com"], ["LIMIT", 1]]
  ↳ db/seeds.rb:4
  [1m[35m (0.3ms)[0m  [1m[31mROLLBACK[0m
  ↳ db/seeds.rb:4
  [1m[35m (1.0ms)[0m  [1m[34mSELECT "schema_migrations"."version" FROM "schema_migrations" ORDER BY "schema_migrations"."version" ASC[0m
  ↳ /Users/tech-a04/.rbenv/versions/2.5.1/bin/rake:23
  [1m[35m (0.3ms)[0m  [1m[35mBEGIN[0m
  ↳ db/seeds.rb:4
  [1m[36mUser Exists (1.1ms)[0m  [1m[34mSELECT  1 AS one FROM "users" WHERE "users"."email" = $1 LIMIT $2[0m  [["email", "test@test.com"], ["LIMIT", 1]]
  ↳ db/seeds.rb:4
  [1m[35m (0.3ms)[0m  [1m[31mROLLBACK[0m
  ↳ db/seeds.rb:4
  [1m[35m (0.2ms)[0m  [1m[35mBEGIN[0m
  ↳ db/seeds.rb:6
  [1m[35m (0.2ms)[0m  [1m[31mROLLBACK[0m
  ↳ db/seeds.rb:6
  [1m[35m (0.1ms)[0m  [1m[35mBEGIN[0m
  ↳ db/seeds.rb:6
  [1m[35m (0.2ms)[0m  [1m[31mROLLBACK[0m
  ↳ db/seeds.rb:6
  [1m[35m (0.2ms)[0m  [1m[35mBEGIN[0m
  ↳ db/seeds.rb:6
  [1m[35m (0.2ms)[0m  [1m[31mROLLBACK[0m
  ↳ db/seeds.rb:6
  [1m[35m (0.2ms)[0m  [1m[35mBEGIN[0m
  ↳ db/seeds.rb:6
  [1m[35m (0.2ms)[0m  [1m[31mROLLBACK[0m
  ↳ db/seeds.rb:6
  [1m[35m (0.2ms)[0m  [1m[35mBEGIN[0m
  ↳ db/seeds.rb:6
  [1m[35m (0.2ms)[0m  [1m[31mROLLBACK[0m
  ↳ db/seeds.rb:6
  [1m[36mTech Load (0.6ms)[0m  [1m[34mSELECT  "teches".* FROM "teches" LIMIT $1[0m  [["LIMIT", 11]]
  [1m[35m (1.1ms)[0m  [1m[34mSELECT "schema_migrations"."version" FROM "schema_migrations" ORDER BY "schema_migrations"."version" ASC[0m
  ↳ /Users/tech-a04/.rbenv/versions/2.5.1/bin/rake:23
  [1m[35m (0.2ms)[0m  [1m[35mBEGIN[0m
  ↳ db/seeds.rb:4
  [1m[36mUser Exists (1.0ms)[0m  [1m[34mSELECT  1 AS one FROM "users" WHERE "users"."email" = $1 LIMIT $2[0m  [["email", "test@test.com"], ["LIMIT", 1]]
  ↳ db/seeds.rb:4
  [1m[35m (0.3ms)[0m  [1m[31mROLLBACK[0m
  ↳ db/seeds.rb:4
  [1m[35m (0.2ms)[0m  [1m[35mBEGIN[0m
  ↳ db/seeds.rb:6
  [1m[36mUser Load (0.7ms)[0m  [1m[34mSELECT  "users".* FROM "users" WHERE "users"."id" = $1 LIMIT $2[0m  [["id", 1], ["LIMIT", 1]]
  ↳ db/seeds.rb:6
  [1m[36mTech Create (1.9ms)[0m  [1m[32mINSERT INTO "teches" ("technology", "date_created", "version", "desc", "user_id", "created_at", "updated_at") VALUES ($1, $2, $3, $4, $5, $6, $7) RETURNING "id"[0m  [["technology", "HTML"], ["date_created", "1990-12-25"], ["version", 6], ["desc", "Hypertext Markup Language, a standardized system for tagging text files to achieve font, colour, graphic, and hyperlink effects on World Wide Web pages. HTML5 is the latest evolution of the standard that defines HTML. The term represents two different concepts. It is a new version of the language HTML, with new elements, attributes, and behaviors, and a larger set of technologies that allows the building of more diverse and powerful Web sites and applications."], ["user_id", 1], ["created_at", "2018-10-05 14:55:13.573322"], ["updated_at", "2018-10-05 14:55:13.573322"]]
  ↳ db/seeds.rb:6
  [1m[35m (9.9ms)[0m  [1m[35mCOMMIT[0m
  ↳ db/seeds.rb:6
  [1m[35m (0.3ms)[0m  [1m[35mBEGIN[0m
  ↳ db/seeds.rb:6
  [1m[36mUser Load (0.8ms)[0m  [1m[34mSELECT  "users".* FROM "users" WHERE "users"."id" = $1 LIMIT $2[0m  [["id", 1], ["LIMIT", 1]]
  ↳ db/seeds.rb:6
  [1m[36mTech Create (0.8ms)[0m  [1m[32mINSERT INTO "teches" ("technology", "date_created", "version", "desc", "user_id", "created_at", "updated_at") VALUES ($1, $2, $3, $4, $5, $6, $7) RETURNING "id"[0m  [["technology", "CSS"], ["date_created", "1996-12-17"], ["version", 4], ["desc", "CSS stands for Cascading Style Sheets. CSS describes how HTML elements are to be displayed on screen, paper, or in other media. CSS saves a lot of work. It can control the layout of multiple web pages all at once."], ["user_id", 1], ["created_at", "2018-10-05 14:55:13.593447"], ["updated_at", "2018-10-05 14:55:13.593447"]]
  ↳ db/seeds.rb:6
  [1m[35m (2.4ms)[0m  [1m[35mCOMMIT[0m
  ↳ db/seeds.rb:6
  [1m[35m (0.3ms)[0m  [1m[35mBEGIN[0m
  ↳ db/seeds.rb:6
  [1m[36mUser Load (0.7ms)[0m  [1m[34mSELECT  "users".* FROM "users" WHERE "users"."id" = $1 LIMIT $2[0m  [["id", 1], ["LIMIT", 1]]
  ↳ db/seeds.rb:6
  [1m[36mTech Create (0.8ms)[0m  [1m[32mINSERT INTO "teches" ("technology", "date_created", "version", "desc", "user_id", "created_at", "updated_at") VALUES ($1, $2, $3, $4, $5, $6, $7) RETURNING "id"[0m  [["technology", "Javascript"], ["date_created", "1995-12-04"], ["version", 13], ["desc", "an object-oriented computer programming language commonly used to create interactive effects within web browsers."], ["user_id", 1], ["created_at", "2018-10-05 14:55:13.602618"], ["updated_at", "2018-10-05 14:55:13.602618"]]
  ↳ db/seeds.rb:6
  [1m[35m (2.4ms)[0m  [1m[35mCOMMIT[0m
  ↳ db/seeds.rb:6
  [1m[35m (0.3ms)[0m  [1m[35mBEGIN[0m
  ↳ db/seeds.rb:6
  [1m[36mUser Load (0.8ms)[0m  [1m[34mSELECT  "users".* FROM "users" WHERE "users"."id" = $1 LIMIT $2[0m  [["id", 1], ["LIMIT", 1]]
  ↳ db/seeds.rb:6
  [1m[36mTech Create (0.9ms)[0m  [1m[32mINSERT INTO "teches" ("technology", "date_created", "version", "desc", "user_id", "created_at", "updated_at") VALUES ($1, $2, $3, $4, $5, $6, $7) RETURNING "id"[0m  [["technology", "Ruby"], ["date_created", "1995-12-21"], ["version", 2], ["desc", "Ruby is an open source, object-oriented programming language created by Yukihiro Matsumoto. Designed to provide a programming language that focuses on simplicity and productivity, the creation of Ruby drew its inspiration from Lisp, Smalltalk and Perl."], ["user_id", 1], ["created_at", "2018-10-05 14:55:13.612257"], ["updated_at", "2018-10-05 14:55:13.612257"]]
  ↳ db/seeds.rb:6
  [1m[35m (2.3ms)[0m  [1m[35mCOMMIT[0m
  ↳ db/seeds.rb:6
  [1m[35m (0.4ms)[0m  [1m[35mBEGIN[0m
  ↳ db/seeds.rb:6
  [1m[36mUser Load (1.1ms)[0m  [1m[34mSELECT  "users".* FROM "users" WHERE "users"."id" = $1 LIMIT $2[0m  [["id", 1], ["LIMIT", 1]]
  ↳ db/seeds.rb:6
  [1m[36mTech Create (0.6ms)[0m  [1m[32mINSERT INTO "teches" ("technology", "date_created", "version", "desc", "user_id", "created_at", "updated_at") VALUES ($1, $2, $3, $4, $5, $6, $7) RETURNING "id"[0m  [["technology", "Rails"], ["date_created", "2005-12-13"], ["version", 2], ["desc", "Ruby on Rails, sometimes known as \"RoR\" or just \"Rails,\" is an open source framework for Web development in Ruby, an object-oriented programming (OOP) language similar to Perl and Python."], ["user_id", 1], ["created_at", "2018-10-05 14:55:13.622562"], ["updated_at", "2018-10-05 14:55:13.622562"]]
  ↳ db/seeds.rb:6
  [1m[35m (3.1ms)[0m  [1m[35mCOMMIT[0m
  ↳ db/seeds.rb:6
  [1m[36mTech Load (0.7ms)[0m  [1m[34mSELECT  "teches".* FROM "teches" LIMIT $1[0m  [["LIMIT", 11]]
Started GET "/teches" for 127.0.0.1 at 2018-10-05 15:57:26 +0100
Processing by TechesController#index as HTML
  Rendering teches/index.html.erb within layouts/application
  [1m[36mTech Load (0.6ms)[0m  [1m[34mSELECT "teches".* FROM "teches"[0m
  ↳ app/views/teches/index.html.erb:19
  Rendered teches/index.html.erb within layouts/application (17.5ms)
  Rendered partials/_nav.html.erb (1.2ms)
Completed 200 OK in 62ms (Views: 51.1ms | ActiveRecord: 5.3ms)


Started GET "/teches" for 127.0.0.1 at 2018-10-05 16:15:31 +0100
  [1m[35m (3.4ms)[0m  [1m[34mSELECT "schema_migrations"."version" FROM "schema_migrations" ORDER BY "schema_migrations"."version" ASC[0m
  ↳ /Users/tech-a04/.rbenv/versions/2.5.1/lib/ruby/gems/2.5.0/gems/activerecord-5.2.1/lib/active_record/log_subscriber.rb:98
Processing by TechesController#index as HTML
  Rendering teches/index.html.erb within layouts/application
  [1m[36mTech Load (0.8ms)[0m  [1m[34mSELECT "teches".* FROM "teches"[0m
  ↳ app/views/teches/index.html.erb:20
  Rendered teches/index.html.erb within layouts/application (30.3ms)
  Rendered partials/_nav.html.erb (9.8ms)
Completed 200 OK in 446ms (Views: 416.0ms | ActiveRecord: 9.0ms)


Started GET "/teches" for 127.0.0.1 at 2018-10-05 16:54:13 +0100
Processing by TechesController#index as HTML
  Rendering teches/index.html.erb within layouts/application
  [1m[36mTech Load (1.1ms)[0m  [1m[34mSELECT "teches".* FROM "teches"[0m
  ↳ app/views/teches/index.html.erb:20
  Rendered teches/index.html.erb within layouts/application (4.5ms)
  Rendered partials/_nav.html.erb (1.0ms)
Completed 200 OK in 105ms (Views: 100.2ms | ActiveRecord: 1.1ms)


Started GET "/users/sign_up" for 127.0.0.1 at 2018-10-05 16:54:33 +0100
Processing by Devise::RegistrationsController#new as HTML
  Rendering devise/registrations/new.html.erb within layouts/application
  Rendered devise/shared/_links.html.erb (1.6ms)
  Rendered devise/registrations/new.html.erb within layouts/application (60.1ms)
  Rendered partials/_nav.html.erb (1.1ms)
Completed 200 OK in 146ms (Views: 114.5ms | ActiveRecord: 12.4ms)


Started POST "/users" for 127.0.0.1 at 2018-10-05 16:55:01 +0100
Processing by Devise::RegistrationsController#create as HTML
  Parameters: {"utf8"=>"✓", "authenticity_token"=>"7e6wFtXguCQ+y/THiTMI3IUEgS0lL/YjXx7vyl439Zq30I2aC6qLZdCwrVHn2CviDO57C2qHXu5EzSqycaq4Tg==", "user"=>{"first_name"=>"jb", "last_name"=>"jhb", "occupation"=>"jnbo", "dob"=>"8888-09-08", "email"=>"test1@test.com", "password"=>"[FILTERED]", "password_confirmation"=>"[FILTERED]"}, "commit"=>"Sign up"}
  [1m[35m (0.3ms)[0m  [1m[35mBEGIN[0m
  ↳ /Users/tech-a04/.rbenv/versions/2.5.1/lib/ruby/gems/2.5.0/gems/activerecord-5.2.1/lib/active_record/log_subscriber.rb:98
  [1m[36mUser Exists (1.3ms)[0m  [1m[34mSELECT  1 AS one FROM "users" WHERE "users"."email" = $1 LIMIT $2[0m  [["email", "test1@test.com"], ["LIMIT", 1]]
  ↳ /Users/tech-a04/.rbenv/versions/2.5.1/lib/ruby/gems/2.5.0/gems/activerecord-5.2.1/lib/active_record/log_subscriber.rb:98
  [1m[36mUser Create (3.8ms)[0m  [1m[32mINSERT INTO "users" ("email", "encrypted_password", "first_name", "last_name", "occupation", "dob", "created_at", "updated_at") VALUES ($1, $2, $3, $4, $5, $6, $7, $8) RETURNING "id"[0m  [["email", "test1@test.com"], ["encrypted_password", "$2a$11$pmXJ9Z8ta6KNlZZtqMxtyuIBYa4m6uTbZxnagAfWFEjyCy8/dtGUe"], ["first_name", "jb"], ["last_name", "jhb"], ["occupation", "jnbo"], ["dob", "8888-09-08"], ["created_at", "2018-10-05 15:55:01.593822"], ["updated_at", "2018-10-05 15:55:01.593822"]]
  ↳ /Users/tech-a04/.rbenv/versions/2.5.1/lib/ruby/gems/2.5.0/gems/activerecord-5.2.1/lib/active_record/log_subscriber.rb:98
  [1m[35m (4.0ms)[0m  [1m[35mCOMMIT[0m
  ↳ /Users/tech-a04/.rbenv/versions/2.5.1/lib/ruby/gems/2.5.0/gems/activerecord-5.2.1/lib/active_record/log_subscriber.rb:98
Redirected to http://localhost:3000/
Completed 302 Found in 202ms (ActiveRecord: 10.1ms)


Started GET "/" for 127.0.0.1 at 2018-10-05 16:55:01 +0100
Processing by StaticController#landing as HTML
  Rendering static/landing.html.erb within layouts/application
  Rendered static/landing.html.erb within layouts/application (0.5ms)
  [1m[36mUser Load (1.1ms)[0m  [1m[34mSELECT  "users".* FROM "users" WHERE "users"."id" = $1 ORDER BY "users"."id" ASC LIMIT $2[0m  [["id", 2], ["LIMIT", 1]]
  ↳ app/views/partials/_nav.html.erb:9
  Rendered partials/_nav.html.erb (3.5ms)
Completed 200 OK in 47ms (Views: 42.3ms | ActiveRecord: 1.1ms)


Started GET "/users/edit" for 127.0.0.1 at 2018-10-05 16:55:05 +0100
Processing by Devise::RegistrationsController#edit as HTML
  [1m[36mUser Load (2.7ms)[0m  [1m[34mSELECT  "users".* FROM "users" WHERE "users"."id" = $1 ORDER BY "users"."id" ASC LIMIT $2[0m  [["id", 2], ["LIMIT", 1]]
  ↳ /Users/tech-a04/.rbenv/versions/2.5.1/lib/ruby/gems/2.5.0/gems/activerecord-5.2.1/lib/active_record/log_subscriber.rb:98
  Rendering devise/registrations/edit.html.erb within layouts/application
  Rendered devise/registrations/edit.html.erb within layouts/application (4.4ms)
  Rendered partials/_nav.html.erb (1.1ms)
Completed 200 OK in 58ms (Views: 51.7ms | ActiveRecord: 2.7ms)


Started GET "/users.2" for 127.0.0.1 at 2018-10-05 16:55:07 +0100
Processing by UsersController#index as 
  Rendering users/index.html.erb within layouts/application
  [1m[36mUser Load (0.6ms)[0m  [1m[34mSELECT "users".* FROM "users"[0m
  ↳ app/views/users/index.html.erb:17
  Rendered users/index.html.erb within layouts/application (2.7ms)
  [1m[36mUser Load (0.8ms)[0m  [1m[34mSELECT  "users".* FROM "users" WHERE "users"."id" = $1 ORDER BY "users"."id" ASC LIMIT $2[0m  [["id", 2], ["LIMIT", 1]]
  ↳ app/views/partials/_nav.html.erb:9
  Rendered partials/_nav.html.erb (3.8ms)
Completed 200 OK in 215ms (Views: 156.0ms | ActiveRecord: 1.4ms)


Started GET "/teches" for 127.0.0.1 at 2018-10-05 16:55:08 +0100
Processing by TechesController#index as HTML
  Rendering teches/index.html.erb within layouts/application
  [1m[36mTech Load (0.5ms)[0m  [1m[34mSELECT "teches".* FROM "teches"[0m
  ↳ app/views/teches/index.html.erb:20
  Rendered teches/index.html.erb within layouts/application (4.3ms)
  [1m[36mUser Load (0.6ms)[0m  [1m[34mSELECT  "users".* FROM "users" WHERE "users"."id" = $1 ORDER BY "users"."id" ASC LIMIT $2[0m  [["id", 2], ["LIMIT", 1]]
  ↳ app/views/partials/_nav.html.erb:9
  Rendered partials/_nav.html.erb (3.2ms)
Completed 200 OK in 68ms (Views: 54.4ms | ActiveRecord: 1.1ms)


